{"op_code": 0, "worker_id": "1189733b-a5b5-41fb-8709-12621f4c1a00-281470769121440", "study_name": "optimize-model", "directions": [2]}
{"op_code": 4, "worker_id": "1189733b-a5b5-41fb-8709-12621f4c1a00-281470769121440", "study_id": 0, "datetime_start": "2023-11-22T12:27:57.899564"}
{"op_code": 5, "worker_id": "1189733b-a5b5-41fb-8709-12621f4c1a00-281470769121440", "trial_id": 0, "param_name": "max_ngram_1", "param_value_internal": 1.0, "distribution": "{\"name\": \"IntDistribution\", \"attributes\": {\"log\": false, \"step\": 1, \"low\": 1, \"high\": 5}}"}
{"op_code": 5, "worker_id": "1189733b-a5b5-41fb-8709-12621f4c1a00-281470769121440", "trial_id": 0, "param_name": "max_ngram_2", "param_value_internal": 5.0, "distribution": "{\"name\": \"IntDistribution\", \"attributes\": {\"log\": false, \"step\": 1, \"low\": 1, \"high\": 5}}"}
{"op_code": 5, "worker_id": "1189733b-a5b5-41fb-8709-12621f4c1a00-281470769121440", "trial_id": 0, "param_name": "C", "param_value_internal": 4.799958978385303e-05, "distribution": "{\"name\": \"FloatDistribution\", \"attributes\": {\"step\": null, \"low\": 1e-07, \"high\": 10.0, \"log\": true}}"}
{"op_code": 5, "worker_id": "1189733b-a5b5-41fb-8709-12621f4c1a00-281470769121440", "trial_id": 0, "param_name": "loss", "param_value_internal": 1, "distribution": "{\"name\": \"CategoricalDistribution\", \"attributes\": {\"choices\": [\"hinge\", \"squared_hinge\"]}}"}
{"op_code": 8, "worker_id": "1189733b-a5b5-41fb-8709-12621f4c1a00-281470769121440", "trial_id": 0, "user_attr": {"fit_time": 1.7091667652130127}}
{"op_code": 8, "worker_id": "1189733b-a5b5-41fb-8709-12621f4c1a00-281470769121440", "trial_id": 0, "user_attr": {"score_time": 0.41467933654785155}}
{"op_code": 8, "worker_id": "1189733b-a5b5-41fb-8709-12621f4c1a00-281470769121440", "trial_id": 0, "user_attr": {"test_recall": 0.8263299494206693}}
{"op_code": 8, "worker_id": "1189733b-a5b5-41fb-8709-12621f4c1a00-281470769121440", "trial_id": 0, "user_attr": {"test_precision": 0.8576865689532938}}
{"op_code": 8, "worker_id": "1189733b-a5b5-41fb-8709-12621f4c1a00-281470769121440", "trial_id": 0, "user_attr": {"test_f1": 0.8416351725260803}}
{"op_code": 8, "worker_id": "1189733b-a5b5-41fb-8709-12621f4c1a00-281470769121440", "trial_id": 0, "user_attr": {"test_accuracy": 0.8445970164610284}}
{"op_code": 8, "worker_id": "1189733b-a5b5-41fb-8709-12621f4c1a00-281470769121440", "trial_id": 0, "user_attr": {"test_roc_auc": 0.9166256017531635}}
{"op_code": 6, "worker_id": "1189733b-a5b5-41fb-8709-12621f4c1a00-281470769121440", "trial_id": 0, "state": 1, "values": [0.9166256017531635], "datetime_complete": "2023-11-22T12:28:03.691933"}
{"op_code": 0, "worker_id": "19ac413e-46c7-4de9-9839-6b7c58734032-281470412966048", "study_name": "optimize-model", "directions": [2]}
{"op_code": 4, "worker_id": "19ac413e-46c7-4de9-9839-6b7c58734032-281470412966048", "study_id": 0, "datetime_start": "2023-11-22T12:29:58.780523"}
{"op_code": 5, "worker_id": "19ac413e-46c7-4de9-9839-6b7c58734032-281470412966048", "trial_id": 1, "param_name": "max_ngram_1", "param_value_internal": 1.0, "distribution": "{\"name\": \"IntDistribution\", \"attributes\": {\"log\": false, \"step\": 1, \"low\": 1, \"high\": 5}}"}
{"op_code": 5, "worker_id": "19ac413e-46c7-4de9-9839-6b7c58734032-281470412966048", "trial_id": 1, "param_name": "max_ngram_2", "param_value_internal": 5.0, "distribution": "{\"name\": \"IntDistribution\", \"attributes\": {\"log\": false, \"step\": 1, \"low\": 1, \"high\": 5}}"}
{"op_code": 5, "worker_id": "19ac413e-46c7-4de9-9839-6b7c58734032-281470412966048", "trial_id": 1, "param_name": "C", "param_value_internal": 4.799958978385303e-05, "distribution": "{\"name\": \"FloatDistribution\", \"attributes\": {\"step\": null, \"low\": 1e-07, \"high\": 10.0, \"log\": true}}"}
{"op_code": 5, "worker_id": "19ac413e-46c7-4de9-9839-6b7c58734032-281470412966048", "trial_id": 1, "param_name": "loss", "param_value_internal": 1, "distribution": "{\"name\": \"CategoricalDistribution\", \"attributes\": {\"choices\": [\"hinge\", \"squared_hinge\"]}}"}
{"op_code": 6, "worker_id": "19ac413e-46c7-4de9-9839-6b7c58734032-281470412966048", "trial_id": 1, "state": 3, "values": null, "datetime_complete": "2023-11-22T12:30:04.703375"}
{"op_code": 0, "worker_id": "b3068945-855f-44b6-a8a4-560de5629786-281470919461024", "study_name": "optimize-model", "directions": [2]}
{"op_code": 4, "worker_id": "b3068945-855f-44b6-a8a4-560de5629786-281470919461024", "study_id": 0, "datetime_start": "2023-11-22T12:30:17.445364"}
{"op_code": 5, "worker_id": "b3068945-855f-44b6-a8a4-560de5629786-281470919461024", "trial_id": 2, "param_name": "max_ngram_1", "param_value_internal": 1.0, "distribution": "{\"name\": \"IntDistribution\", \"attributes\": {\"log\": false, \"step\": 1, \"low\": 1, \"high\": 5}}"}
{"op_code": 5, "worker_id": "b3068945-855f-44b6-a8a4-560de5629786-281470919461024", "trial_id": 2, "param_name": "max_ngram_2", "param_value_internal": 5.0, "distribution": "{\"name\": \"IntDistribution\", \"attributes\": {\"log\": false, \"step\": 1, \"low\": 1, \"high\": 5}}"}
{"op_code": 5, "worker_id": "b3068945-855f-44b6-a8a4-560de5629786-281470919461024", "trial_id": 2, "param_name": "C", "param_value_internal": 4.799958978385303e-05, "distribution": "{\"name\": \"FloatDistribution\", \"attributes\": {\"step\": null, \"low\": 1e-07, \"high\": 10.0, \"log\": true}}"}
{"op_code": 5, "worker_id": "b3068945-855f-44b6-a8a4-560de5629786-281470919461024", "trial_id": 2, "param_name": "loss", "param_value_internal": 1, "distribution": "{\"name\": \"CategoricalDistribution\", \"attributes\": {\"choices\": [\"hinge\", \"squared_hinge\"]}}"}
{"op_code": 8, "worker_id": "b3068945-855f-44b6-a8a4-560de5629786-281470919461024", "trial_id": 2, "user_attr": {"test_recall": 0.8263299494206693}}
{"op_code": 8, "worker_id": "b3068945-855f-44b6-a8a4-560de5629786-281470919461024", "trial_id": 2, "user_attr": {"test_precision": 0.8576865689532938}}
{"op_code": 8, "worker_id": "b3068945-855f-44b6-a8a4-560de5629786-281470919461024", "trial_id": 2, "user_attr": {"test_f1": 0.8416351725260803}}
{"op_code": 8, "worker_id": "b3068945-855f-44b6-a8a4-560de5629786-281470919461024", "trial_id": 2, "user_attr": {"test_accuracy": 0.8445970164610284}}
{"op_code": 8, "worker_id": "b3068945-855f-44b6-a8a4-560de5629786-281470919461024", "trial_id": 2, "user_attr": {"test_roc_auc": 0.9166273953464483}}
{"op_code": 6, "worker_id": "b3068945-855f-44b6-a8a4-560de5629786-281470919461024", "trial_id": 2, "state": 1, "values": [0.9166273953464483], "datetime_complete": "2023-11-22T12:30:23.324670"}
{"op_code": 0, "worker_id": "43db3816-c080-477a-b43d-03af22bde8b4-281472704383136", "study_name": "optimize-model", "directions": [2]}
{"op_code": 4, "worker_id": "43db3816-c080-477a-b43d-03af22bde8b4-281472704383136", "study_id": 0, "datetime_start": "2023-11-22T12:32:39.542012"}
{"op_code": 5, "worker_id": "43db3816-c080-477a-b43d-03af22bde8b4-281472704383136", "trial_id": 3, "param_name": "max_ngram_1", "param_value_internal": 1.0, "distribution": "{\"name\": \"IntDistribution\", \"attributes\": {\"log\": false, \"step\": 1, \"low\": 1, \"high\": 5}}"}
{"op_code": 5, "worker_id": "43db3816-c080-477a-b43d-03af22bde8b4-281472704383136", "trial_id": 3, "param_name": "max_ngram_2", "param_value_internal": 5.0, "distribution": "{\"name\": \"IntDistribution\", \"attributes\": {\"log\": false, \"step\": 1, \"low\": 1, \"high\": 5}}"}
{"op_code": 5, "worker_id": "43db3816-c080-477a-b43d-03af22bde8b4-281472704383136", "trial_id": 3, "param_name": "C", "param_value_internal": 4.799958978385303e-05, "distribution": "{\"name\": \"FloatDistribution\", \"attributes\": {\"step\": null, \"low\": 1e-07, \"high\": 10.0, \"log\": true}}"}
{"op_code": 5, "worker_id": "43db3816-c080-477a-b43d-03af22bde8b4-281472704383136", "trial_id": 3, "param_name": "loss", "param_value_internal": 1, "distribution": "{\"name\": \"CategoricalDistribution\", \"attributes\": {\"choices\": [\"hinge\", \"squared_hinge\"]}}"}
{"op_code": 8, "worker_id": "43db3816-c080-477a-b43d-03af22bde8b4-281472704383136", "trial_id": 3, "user_attr": {"test_recall": 0.8263299494206693}}
{"op_code": 8, "worker_id": "43db3816-c080-477a-b43d-03af22bde8b4-281472704383136", "trial_id": 3, "user_attr": {"test_precision": 0.8576865689532938}}
{"op_code": 8, "worker_id": "43db3816-c080-477a-b43d-03af22bde8b4-281472704383136", "trial_id": 3, "user_attr": {"test_f1": 0.8416351725260803}}
{"op_code": 8, "worker_id": "43db3816-c080-477a-b43d-03af22bde8b4-281472704383136", "trial_id": 3, "user_attr": {"test_accuracy": 0.8445970164610284}}
{"op_code": 8, "worker_id": "43db3816-c080-477a-b43d-03af22bde8b4-281472704383136", "trial_id": 3, "user_attr": {"test_roc_auc": 0.9166248843158495}}
{"op_code": 6, "worker_id": "43db3816-c080-477a-b43d-03af22bde8b4-281472704383136", "trial_id": 3, "state": 1, "values": [0.9166248843158495], "datetime_complete": "2023-11-22T12:32:45.472547"}
{"op_code": 0, "worker_id": "5f606e1b-1552-4730-917a-45d03d9ee9cd-281469789440160", "study_name": "optimize-model", "directions": [2]}
{"op_code": 4, "worker_id": "5f606e1b-1552-4730-917a-45d03d9ee9cd-281469789440160", "study_id": 0, "datetime_start": "2023-11-22T12:34:06.469791"}
{"op_code": 5, "worker_id": "5f606e1b-1552-4730-917a-45d03d9ee9cd-281469789440160", "trial_id": 4, "param_name": "max_ngram_1", "param_value_internal": 1.0, "distribution": "{\"name\": \"IntDistribution\", \"attributes\": {\"log\": false, \"step\": 1, \"low\": 1, \"high\": 5}}"}
{"op_code": 5, "worker_id": "5f606e1b-1552-4730-917a-45d03d9ee9cd-281469789440160", "trial_id": 4, "param_name": "max_ngram_2", "param_value_internal": 5.0, "distribution": "{\"name\": \"IntDistribution\", \"attributes\": {\"log\": false, \"step\": 1, \"low\": 1, \"high\": 5}}"}
{"op_code": 5, "worker_id": "5f606e1b-1552-4730-917a-45d03d9ee9cd-281469789440160", "trial_id": 4, "param_name": "C", "param_value_internal": 4.799958978385303e-05, "distribution": "{\"name\": \"FloatDistribution\", \"attributes\": {\"step\": null, \"low\": 1e-07, \"high\": 10.0, \"log\": true}}"}
{"op_code": 5, "worker_id": "5f606e1b-1552-4730-917a-45d03d9ee9cd-281469789440160", "trial_id": 4, "param_name": "loss", "param_value_internal": 1, "distribution": "{\"name\": \"CategoricalDistribution\", \"attributes\": {\"choices\": [\"hinge\", \"squared_hinge\"]}}"}
{"op_code": 8, "worker_id": "5f606e1b-1552-4730-917a-45d03d9ee9cd-281469789440160", "trial_id": 4, "user_attr": {"test_recall": 0.8263299494206693}}
{"op_code": 8, "worker_id": "5f606e1b-1552-4730-917a-45d03d9ee9cd-281469789440160", "trial_id": 4, "user_attr": {"test_precision": 0.8576865689532938}}
{"op_code": 8, "worker_id": "5f606e1b-1552-4730-917a-45d03d9ee9cd-281469789440160", "trial_id": 4, "user_attr": {"test_f1": 0.8416351725260803}}
{"op_code": 8, "worker_id": "5f606e1b-1552-4730-917a-45d03d9ee9cd-281469789440160", "trial_id": 4, "user_attr": {"test_accuracy": 0.8445970164610284}}
{"op_code": 8, "worker_id": "5f606e1b-1552-4730-917a-45d03d9ee9cd-281469789440160", "trial_id": 4, "user_attr": {"test_roc_auc": 0.916624406024307}}
{"op_code": 6, "worker_id": "5f606e1b-1552-4730-917a-45d03d9ee9cd-281469789440160", "trial_id": 4, "state": 1, "values": [0.916624406024307], "datetime_complete": "2023-11-22T12:34:12.397262"}
{"op_code": 0, "worker_id": "3c16ea0e-0ab4-4166-843a-b2bbf9e60e1f-281473761069216", "study_name": "optimize-model", "directions": [2]}
{"op_code": 4, "worker_id": "3c16ea0e-0ab4-4166-843a-b2bbf9e60e1f-281473761069216", "study_id": 0, "datetime_start": "2023-11-22T12:35:35.383721"}
{"op_code": 5, "worker_id": "3c16ea0e-0ab4-4166-843a-b2bbf9e60e1f-281473761069216", "trial_id": 5, "param_name": "max_ngram_1", "param_value_internal": 1.0, "distribution": "{\"name\": \"IntDistribution\", \"attributes\": {\"log\": false, \"step\": 1, \"low\": 1, \"high\": 5}}"}
{"op_code": 5, "worker_id": "3c16ea0e-0ab4-4166-843a-b2bbf9e60e1f-281473761069216", "trial_id": 5, "param_name": "max_ngram_2", "param_value_internal": 5.0, "distribution": "{\"name\": \"IntDistribution\", \"attributes\": {\"log\": false, \"step\": 1, \"low\": 1, \"high\": 5}}"}
{"op_code": 5, "worker_id": "3c16ea0e-0ab4-4166-843a-b2bbf9e60e1f-281473761069216", "trial_id": 5, "param_name": "C", "param_value_internal": 4.799958978385303e-05, "distribution": "{\"name\": \"FloatDistribution\", \"attributes\": {\"step\": null, \"low\": 1e-07, \"high\": 10.0, \"log\": true}}"}
{"op_code": 5, "worker_id": "3c16ea0e-0ab4-4166-843a-b2bbf9e60e1f-281473761069216", "trial_id": 5, "param_name": "loss", "param_value_internal": 1, "distribution": "{\"name\": \"CategoricalDistribution\", \"attributes\": {\"choices\": [\"hinge\", \"squared_hinge\"]}}"}
{"op_code": 8, "worker_id": "3c16ea0e-0ab4-4166-843a-b2bbf9e60e1f-281473761069216", "trial_id": 5, "user_attr": {"test_recall": 0.8263299494206693}}
{"op_code": 8, "worker_id": "3c16ea0e-0ab4-4166-843a-b2bbf9e60e1f-281473761069216", "trial_id": 5, "user_attr": {"test_precision": 0.8576865689532938}}
{"op_code": 8, "worker_id": "3c16ea0e-0ab4-4166-843a-b2bbf9e60e1f-281473761069216", "trial_id": 5, "user_attr": {"test_f1": 0.8416351725260803}}
{"op_code": 8, "worker_id": "3c16ea0e-0ab4-4166-843a-b2bbf9e60e1f-281473761069216", "trial_id": 5, "user_attr": {"test_accuracy": 0.8445970164610284}}
{"op_code": 8, "worker_id": "3c16ea0e-0ab4-4166-843a-b2bbf9e60e1f-281473761069216", "trial_id": 5, "user_attr": {"test_roc_auc": 0.916624406024307}}
{"op_code": 6, "worker_id": "3c16ea0e-0ab4-4166-843a-b2bbf9e60e1f-281473761069216", "trial_id": 5, "state": 1, "values": [0.916624406024307], "datetime_complete": "2023-11-22T12:35:41.294723"}
{"op_code": 0, "worker_id": "74ea32dc-cf07-4aaa-9961-94b99d17f1f0-281472476596384", "study_name": "optimize-model", "directions": [2]}
{"op_code": 4, "worker_id": "74ea32dc-cf07-4aaa-9961-94b99d17f1f0-281472476596384", "study_id": 0, "datetime_start": "2023-11-22T12:36:27.279973"}
{"op_code": 5, "worker_id": "74ea32dc-cf07-4aaa-9961-94b99d17f1f0-281472476596384", "trial_id": 6, "param_name": "max_ngram_1", "param_value_internal": 1.0, "distribution": "{\"name\": \"IntDistribution\", \"attributes\": {\"log\": false, \"step\": 1, \"low\": 1, \"high\": 5}}"}
{"op_code": 5, "worker_id": "74ea32dc-cf07-4aaa-9961-94b99d17f1f0-281472476596384", "trial_id": 6, "param_name": "max_ngram_2", "param_value_internal": 5.0, "distribution": "{\"name\": \"IntDistribution\", \"attributes\": {\"log\": false, \"step\": 1, \"low\": 1, \"high\": 5}}"}
{"op_code": 5, "worker_id": "74ea32dc-cf07-4aaa-9961-94b99d17f1f0-281472476596384", "trial_id": 6, "param_name": "C", "param_value_internal": 4.799958978385303e-05, "distribution": "{\"name\": \"FloatDistribution\", \"attributes\": {\"step\": null, \"low\": 1e-07, \"high\": 10.0, \"log\": true}}"}
{"op_code": 5, "worker_id": "74ea32dc-cf07-4aaa-9961-94b99d17f1f0-281472476596384", "trial_id": 6, "param_name": "loss", "param_value_internal": 1, "distribution": "{\"name\": \"CategoricalDistribution\", \"attributes\": {\"choices\": [\"hinge\", \"squared_hinge\"]}}"}
{"op_code": 8, "worker_id": "74ea32dc-cf07-4aaa-9961-94b99d17f1f0-281472476596384", "trial_id": 6, "user_attr": {"test_recall": 0.8263299494206693}}
{"op_code": 8, "worker_id": "74ea32dc-cf07-4aaa-9961-94b99d17f1f0-281472476596384", "trial_id": 6, "user_attr": {"test_precision": 0.8576865689532938}}
{"op_code": 8, "worker_id": "74ea32dc-cf07-4aaa-9961-94b99d17f1f0-281472476596384", "trial_id": 6, "user_attr": {"test_f1": 0.8416351725260803}}
{"op_code": 8, "worker_id": "74ea32dc-cf07-4aaa-9961-94b99d17f1f0-281472476596384", "trial_id": 6, "user_attr": {"test_accuracy": 0.8445970164610284}}
{"op_code": 8, "worker_id": "74ea32dc-cf07-4aaa-9961-94b99d17f1f0-281472476596384", "trial_id": 6, "user_attr": {"test_roc_auc": 0.9166266779091343}}
{"op_code": 6, "worker_id": "74ea32dc-cf07-4aaa-9961-94b99d17f1f0-281472476596384", "trial_id": 6, "state": 1, "values": [0.9166266779091343], "datetime_complete": "2023-11-22T12:36:33.257931"}
{"op_code": 4, "worker_id": "74ea32dc-cf07-4aaa-9961-94b99d17f1f0-281472476596384", "study_id": 0, "datetime_start": "2023-11-22T12:36:33.260862"}
{"op_code": 5, "worker_id": "74ea32dc-cf07-4aaa-9961-94b99d17f1f0-281472476596384", "trial_id": 7, "param_name": "max_ngram_1", "param_value_internal": 1.0, "distribution": "{\"name\": \"IntDistribution\", \"attributes\": {\"log\": false, \"step\": 1, \"low\": 1, \"high\": 5}}"}
{"op_code": 5, "worker_id": "74ea32dc-cf07-4aaa-9961-94b99d17f1f0-281472476596384", "trial_id": 7, "param_name": "max_ngram_2", "param_value_internal": 5.0, "distribution": "{\"name\": \"IntDistribution\", \"attributes\": {\"log\": false, \"step\": 1, \"low\": 1, \"high\": 5}}"}
{"op_code": 5, "worker_id": "74ea32dc-cf07-4aaa-9961-94b99d17f1f0-281472476596384", "trial_id": 7, "param_name": "C", "param_value_internal": 1.5599018601137426e-05, "distribution": "{\"name\": \"FloatDistribution\", \"attributes\": {\"step\": null, \"low\": 1e-07, \"high\": 10.0, \"log\": true}}"}
{"op_code": 5, "worker_id": "74ea32dc-cf07-4aaa-9961-94b99d17f1f0-281472476596384", "trial_id": 7, "param_name": "loss", "param_value_internal": 0, "distribution": "{\"name\": \"CategoricalDistribution\", \"attributes\": {\"choices\": [\"hinge\", \"squared_hinge\"]}}"}
{"op_code": 8, "worker_id": "74ea32dc-cf07-4aaa-9961-94b99d17f1f0-281472476596384", "trial_id": 7, "user_attr": {"test_recall": 0.8256742117157513}}
{"op_code": 8, "worker_id": "74ea32dc-cf07-4aaa-9961-94b99d17f1f0-281472476596384", "trial_id": 7, "user_attr": {"test_precision": 0.8570011719384082}}
{"op_code": 8, "worker_id": "74ea32dc-cf07-4aaa-9961-94b99d17f1f0-281472476596384", "trial_id": 7, "user_attr": {"test_f1": 0.8409660818600658}}
{"op_code": 8, "worker_id": "74ea32dc-cf07-4aaa-9961-94b99d17f1f0-281472476596384", "trial_id": 7, "user_attr": {"test_accuracy": 0.8439408604144509}}
{"op_code": 8, "worker_id": "74ea32dc-cf07-4aaa-9961-94b99d17f1f0-281472476596384", "trial_id": 7, "user_attr": {"test_roc_auc": 0.916379689778745}}
{"op_code": 6, "worker_id": "74ea32dc-cf07-4aaa-9961-94b99d17f1f0-281472476596384", "trial_id": 7, "state": 1, "values": [0.916379689778745], "datetime_complete": "2023-11-22T12:36:38.434569"}
{"op_code": 4, "worker_id": "74ea32dc-cf07-4aaa-9961-94b99d17f1f0-281472476596384", "study_id": 0, "datetime_start": "2023-11-22T12:36:38.436350"}
{"op_code": 5, "worker_id": "74ea32dc-cf07-4aaa-9961-94b99d17f1f0-281472476596384", "trial_id": 8, "param_name": "max_ngram_1", "param_value_internal": 4.0, "distribution": "{\"name\": \"IntDistribution\", \"attributes\": {\"log\": false, \"step\": 1, \"low\": 1, \"high\": 5}}"}
{"op_code": 5, "worker_id": "74ea32dc-cf07-4aaa-9961-94b99d17f1f0-281472476596384", "trial_id": 8, "param_name": "max_ngram_2", "param_value_internal": 3.0, "distribution": "{\"name\": \"IntDistribution\", \"attributes\": {\"log\": false, \"step\": 1, \"low\": 1, \"high\": 5}}"}
{"op_code": 5, "worker_id": "74ea32dc-cf07-4aaa-9961-94b99d17f1f0-281472476596384", "trial_id": 8, "param_name": "C", "param_value_internal": 0.5467769237922342, "distribution": "{\"name\": \"FloatDistribution\", \"attributes\": {\"step\": null, \"low\": 1e-07, \"high\": 10.0, \"log\": true}}"}
{"op_code": 5, "worker_id": "74ea32dc-cf07-4aaa-9961-94b99d17f1f0-281472476596384", "trial_id": 8, "param_name": "loss", "param_value_internal": 0, "distribution": "{\"name\": \"CategoricalDistribution\", \"attributes\": {\"choices\": [\"hinge\", \"squared_hinge\"]}}"}
{"op_code": 8, "worker_id": "74ea32dc-cf07-4aaa-9961-94b99d17f1f0-281472476596384", "trial_id": 8, "user_attr": {"test_recall": 0.9066040104745848}}
{"op_code": 8, "worker_id": "74ea32dc-cf07-4aaa-9961-94b99d17f1f0-281472476596384", "trial_id": 8, "user_attr": {"test_precision": 0.9586010183086188}}
{"op_code": 8, "worker_id": "74ea32dc-cf07-4aaa-9961-94b99d17f1f0-281472476596384", "trial_id": 8, "user_attr": {"test_f1": 0.9318769062993735}}
{"op_code": 8, "worker_id": "74ea32dc-cf07-4aaa-9961-94b99d17f1f0-281472476596384", "trial_id": 8, "user_attr": {"test_accuracy": 0.9337271027321791}}
{"op_code": 8, "worker_id": "74ea32dc-cf07-4aaa-9961-94b99d17f1f0-281472476596384", "trial_id": 8, "user_attr": {"test_roc_auc": 0.9769393926644574}}
{"op_code": 6, "worker_id": "74ea32dc-cf07-4aaa-9961-94b99d17f1f0-281472476596384", "trial_id": 8, "state": 1, "values": [0.9769393926644574], "datetime_complete": "2023-11-22T12:36:48.701371"}
{"op_code": 4, "worker_id": "74ea32dc-cf07-4aaa-9961-94b99d17f1f0-281472476596384", "study_id": 0, "datetime_start": "2023-11-22T12:36:48.703209"}
{"op_code": 5, "worker_id": "74ea32dc-cf07-4aaa-9961-94b99d17f1f0-281472476596384", "trial_id": 9, "param_name": "max_ngram_1", "param_value_internal": 4.0, "distribution": "{\"name\": \"IntDistribution\", \"attributes\": {\"log\": false, \"step\": 1, \"low\": 1, \"high\": 5}}"}
{"op_code": 5, "worker_id": "74ea32dc-cf07-4aaa-9961-94b99d17f1f0-281472476596384", "trial_id": 9, "param_name": "max_ngram_2", "param_value_internal": 4.0, "distribution": "{\"name\": \"IntDistribution\", \"attributes\": {\"log\": false, \"step\": 1, \"low\": 1, \"high\": 5}}"}
{"op_code": 5, "worker_id": "74ea32dc-cf07-4aaa-9961-94b99d17f1f0-281472476596384", "trial_id": 9, "param_name": "C", "param_value_internal": 1.7043175487265587, "distribution": "{\"name\": \"FloatDistribution\", \"attributes\": {\"step\": null, \"low\": 1e-07, \"high\": 10.0, \"log\": true}}"}
{"op_code": 5, "worker_id": "74ea32dc-cf07-4aaa-9961-94b99d17f1f0-281472476596384", "trial_id": 9, "param_name": "loss", "param_value_internal": 0, "distribution": "{\"name\": \"CategoricalDistribution\", \"attributes\": {\"choices\": [\"hinge\", \"squared_hinge\"]}}"}
{"op_code": 8, "worker_id": "74ea32dc-cf07-4aaa-9961-94b99d17f1f0-281472476596384", "trial_id": 9, "user_attr": {"test_recall": 0.904197008286401}}
{"op_code": 8, "worker_id": "74ea32dc-cf07-4aaa-9961-94b99d17f1f0-281472476596384", "trial_id": 9, "user_attr": {"test_precision": 0.9675054886183816}}
{"op_code": 8, "worker_id": "74ea32dc-cf07-4aaa-9961-94b99d17f1f0-281472476596384", "trial_id": 9, "user_attr": {"test_f1": 0.9347614949370204}}
{"op_code": 8, "worker_id": "74ea32dc-cf07-4aaa-9961-94b99d17f1f0-281472476596384", "trial_id": 9, "user_attr": {"test_accuracy": 0.9368985335938257}}
{"op_code": 8, "worker_id": "74ea32dc-cf07-4aaa-9961-94b99d17f1f0-281472476596384", "trial_id": 9, "user_attr": {"test_roc_auc": 0.9779883244795758}}
{"op_code": 6, "worker_id": "74ea32dc-cf07-4aaa-9961-94b99d17f1f0-281472476596384", "trial_id": 9, "state": 1, "values": [0.9775298633281916], "datetime_complete": "2023-11-22T12:37:13.807245"}
{"op_code": 4, "worker_id": "74ea32dc-cf07-4aaa-9961-94b99d17f1f0-281472476596384", "study_id": 0, "datetime_start": "2023-11-22T12:37:13.809072"}
{"op_code": 5, "worker_id": "74ea32dc-cf07-4aaa-9961-94b99d17f1f0-281472476596384", "trial_id": 10, "param_name": "max_ngram_1", "param_value_internal": 3.0, "distribution": "{\"name\": \"IntDistribution\", \"attributes\": {\"log\": false, \"step\": 1, \"low\": 1, \"high\": 5}}"}
{"op_code": 5, "worker_id": "74ea32dc-cf07-4aaa-9961-94b99d17f1f0-281472476596384", "trial_id": 10, "param_name": "max_ngram_2", "param_value_internal": 2.0, "distribution": "{\"name\": \"IntDistribution\", \"attributes\": {\"log\": false, \"step\": 1, \"low\": 1, \"high\": 5}}"}
{"op_code": 5, "worker_id": "74ea32dc-cf07-4aaa-9961-94b99d17f1f0-281472476596384", "trial_id": 10, "param_name": "C", "param_value_internal": 4.547438113288361e-05, "distribution": "{\"name\": \"FloatDistribution\", \"attributes\": {\"step\": null, \"low\": 1e-07, \"high\": 10.0, \"log\": true}}"}
{"op_code": 5, "worker_id": "74ea32dc-cf07-4aaa-9961-94b99d17f1f0-281472476596384", "trial_id": 10, "param_name": "loss", "param_value_internal": 0, "distribution": "{\"name\": \"CategoricalDistribution\", \"attributes\": {\"choices\": [\"hinge\", \"squared_hinge\"]}}"}
{"op_code": 8, "worker_id": "74ea32dc-cf07-4aaa-9961-94b99d17f1f0-281472476596384", "trial_id": 10, "user_attr": {"test_recall": 0.799863447764585}}
{"op_code": 8, "worker_id": "74ea32dc-cf07-4aaa-9961-94b99d17f1f0-281472476596384", "trial_id": 10, "user_attr": {"test_precision": 0.8298783502477735}}
{"op_code": 8, "worker_id": "74ea32dc-cf07-4aaa-9961-94b99d17f1f0-281472476596384", "trial_id": 10, "user_attr": {"test_f1": 0.8145247364472505}}
{"op_code": 8, "worker_id": "74ea32dc-cf07-4aaa-9961-94b99d17f1f0-281472476596384", "trial_id": 10, "user_attr": {"test_accuracy": 0.8179121209112129}}
{"op_code": 8, "worker_id": "74ea32dc-cf07-4aaa-9961-94b99d17f1f0-281472476596384", "trial_id": 10, "user_attr": {"test_roc_auc": 0.8968630500866224}}
{"op_code": 6, "worker_id": "74ea32dc-cf07-4aaa-9961-94b99d17f1f0-281472476596384", "trial_id": 10, "state": 1, "values": [0.8968630500866224], "datetime_complete": "2023-11-22T12:37:15.582541"}
{"op_code": 0, "worker_id": "9408cc98-e076-4a0c-9e7c-7608af62a80e-281472100468896", "study_name": "optimize-model", "directions": [2]}
{"op_code": 4, "worker_id": "9408cc98-e076-4a0c-9e7c-7608af62a80e-281472100468896", "study_id": 0, "datetime_start": "2023-11-22T12:38:09.271324"}
{"op_code": 5, "worker_id": "9408cc98-e076-4a0c-9e7c-7608af62a80e-281472100468896", "trial_id": 11, "param_name": "max_ngram_1", "param_value_internal": 5.0, "distribution": "{\"name\": \"IntDistribution\", \"attributes\": {\"log\": false, \"step\": 1, \"low\": 1, \"high\": 5}}"}
{"op_code": 5, "worker_id": "9408cc98-e076-4a0c-9e7c-7608af62a80e-281472100468896", "trial_id": 11, "param_name": "max_ngram_2", "param_value_internal": 1.0, "distribution": "{\"name\": \"IntDistribution\", \"attributes\": {\"log\": false, \"step\": 1, \"low\": 1, \"high\": 5}}"}
{"op_code": 5, "worker_id": "9408cc98-e076-4a0c-9e7c-7608af62a80e-281472100468896", "trial_id": 11, "param_name": "C", "param_value_internal": 7.787518765720302, "distribution": "{\"name\": \"FloatDistribution\", \"attributes\": {\"step\": null, \"low\": 1e-07, \"high\": 10.0, \"log\": true}}"}
{"op_code": 5, "worker_id": "9408cc98-e076-4a0c-9e7c-7608af62a80e-281472100468896", "trial_id": 11, "param_name": "loss", "param_value_internal": 0, "distribution": "{\"name\": \"CategoricalDistribution\", \"attributes\": {\"choices\": [\"hinge\", \"squared_hinge\"]}}"}
{"op_code": 8, "worker_id": "9408cc98-e076-4a0c-9e7c-7608af62a80e-281472100468896", "trial_id": 11, "user_attr": {"test_recall": 0.8943523334648635}}
{"op_code": 8, "worker_id": "9408cc98-e076-4a0c-9e7c-7608af62a80e-281472100468896", "trial_id": 11, "user_attr": {"test_precision": 0.9456575993609191}}
{"op_code": 8, "worker_id": "9408cc98-e076-4a0c-9e7c-7608af62a80e-281472100468896", "trial_id": 11, "user_attr": {"test_f1": 0.9192661929524031}}
{"op_code": 8, "worker_id": "9408cc98-e076-4a0c-9e7c-7608af62a80e-281472100468896", "trial_id": 11, "user_attr": {"test_accuracy": 0.9214778196644625}}
{"op_code": 8, "worker_id": "9408cc98-e076-4a0c-9e7c-7608af62a80e-281472100468896", "trial_id": 11, "user_attr": {"test_roc_auc": 0.9669428785934627}}
{"op_code": 6, "worker_id": "9408cc98-e076-4a0c-9e7c-7608af62a80e-281472100468896", "trial_id": 11, "state": 1, "values": [0.9669428785934627], "datetime_complete": "2023-11-22T12:38:13.617200"}
{"op_code": 4, "worker_id": "9408cc98-e076-4a0c-9e7c-7608af62a80e-281472100468896", "study_id": 0, "datetime_start": "2023-11-22T12:38:13.619147"}
{"op_code": 5, "worker_id": "9408cc98-e076-4a0c-9e7c-7608af62a80e-281472100468896", "trial_id": 12, "param_name": "max_ngram_1", "param_value_internal": 4.0, "distribution": "{\"name\": \"IntDistribution\", \"attributes\": {\"log\": false, \"step\": 1, \"low\": 1, \"high\": 5}}"}
{"op_code": 5, "worker_id": "9408cc98-e076-4a0c-9e7c-7608af62a80e-281472100468896", "trial_id": 12, "param_name": "max_ngram_2", "param_value_internal": 3.0, "distribution": "{\"name\": \"IntDistribution\", \"attributes\": {\"log\": false, \"step\": 1, \"low\": 1, \"high\": 5}}"}
{"op_code": 5, "worker_id": "9408cc98-e076-4a0c-9e7c-7608af62a80e-281472100468896", "trial_id": 12, "param_name": "C", "param_value_internal": 0.9457875151836034, "distribution": "{\"name\": \"FloatDistribution\", \"attributes\": {\"step\": null, \"low\": 1e-07, \"high\": 10.0, \"log\": true}}"}
{"op_code": 5, "worker_id": "9408cc98-e076-4a0c-9e7c-7608af62a80e-281472100468896", "trial_id": 12, "param_name": "loss", "param_value_internal": 0, "distribution": "{\"name\": \"CategoricalDistribution\", \"attributes\": {\"choices\": [\"hinge\", \"squared_hinge\"]}}"}
{"op_code": 8, "worker_id": "9408cc98-e076-4a0c-9e7c-7608af62a80e-281472100468896", "trial_id": 12, "user_attr": {"test_recall": 0.9061670911504107}}
{"op_code": 8, "worker_id": "9408cc98-e076-4a0c-9e7c-7608af62a80e-281472100468896", "trial_id": 12, "user_attr": {"test_precision": 0.9628220017606406}}
{"op_code": 8, "worker_id": "9408cc98-e076-4a0c-9e7c-7608af62a80e-281472100468896", "trial_id": 12, "user_attr": {"test_f1": 0.9336342832739278}}
{"op_code": 8, "worker_id": "9408cc98-e076-4a0c-9e7c-7608af62a80e-281472100468896", "trial_id": 12, "user_attr": {"test_accuracy": 0.9355864009580632}}
{"op_code": 8, "worker_id": "9408cc98-e076-4a0c-9e7c-7608af62a80e-281472100468896", "trial_id": 12, "user_attr": {"test_roc_auc": 0.9785711623638351}}
{"op_code": 6, "worker_id": "9408cc98-e076-4a0c-9e7c-7608af62a80e-281472100468896", "trial_id": 12, "state": 1, "values": [0.9785711623638351], "datetime_complete": "2023-11-22T12:38:27.107546"}
{"op_code": 4, "worker_id": "9408cc98-e076-4a0c-9e7c-7608af62a80e-281472100468896", "study_id": 0, "datetime_start": "2023-11-22T12:38:27.109221"}
{"op_code": 5, "worker_id": "9408cc98-e076-4a0c-9e7c-7608af62a80e-281472100468896", "trial_id": 13, "param_name": "max_ngram_1", "param_value_internal": 3.0, "distribution": "{\"name\": \"IntDistribution\", \"attributes\": {\"log\": false, \"step\": 1, \"low\": 1, \"high\": 5}}"}
{"op_code": 5, "worker_id": "9408cc98-e076-4a0c-9e7c-7608af62a80e-281472100468896", "trial_id": 13, "param_name": "max_ngram_2", "param_value_internal": 3.0, "distribution": "{\"name\": \"IntDistribution\", \"attributes\": {\"log\": false, \"step\": 1, \"low\": 1, \"high\": 5}}"}
{"op_code": 5, "worker_id": "9408cc98-e076-4a0c-9e7c-7608af62a80e-281472100468896", "trial_id": 13, "param_name": "C", "param_value_internal": 0.04382780208727558, "distribution": "{\"name\": \"FloatDistribution\", \"attributes\": {\"step\": null, \"low\": 1e-07, \"high\": 10.0, \"log\": true}}"}
{"op_code": 5, "worker_id": "9408cc98-e076-4a0c-9e7c-7608af62a80e-281472100468896", "trial_id": 13, "param_name": "loss", "param_value_internal": 0, "distribution": "{\"name\": \"CategoricalDistribution\", \"attributes\": {\"choices\": [\"hinge\", \"squared_hinge\"]}}"}
{"op_code": 8, "worker_id": "9408cc98-e076-4a0c-9e7c-7608af62a80e-281472100468896", "trial_id": 13, "user_attr": {"test_recall": 0.8637297174492712}}
{"op_code": 8, "worker_id": "9408cc98-e076-4a0c-9e7c-7608af62a80e-281472100468896", "trial_id": 13, "user_attr": {"test_precision": 0.8761322607778623}}
{"op_code": 8, "worker_id": "9408cc98-e076-4a0c-9e7c-7608af62a80e-281472100468896", "trial_id": 13, "user_attr": {"test_f1": 0.8697935155188464}}
{"op_code": 8, "worker_id": "9408cc98-e076-4a0c-9e7c-7608af62a80e-281472100468896", "trial_id": 13, "user_attr": {"test_accuracy": 0.8707337893146283}}
{"op_code": 8, "worker_id": "9408cc98-e076-4a0c-9e7c-7608af62a80e-281472100468896", "trial_id": 13, "user_attr": {"test_roc_auc": 0.9405784962372611}}
{"op_code": 6, "worker_id": "9408cc98-e076-4a0c-9e7c-7608af62a80e-281472100468896", "trial_id": 13, "state": 1, "values": [0.9405784962372611], "datetime_complete": "2023-11-22T12:38:29.872461"}
{"op_code": 4, "worker_id": "9408cc98-e076-4a0c-9e7c-7608af62a80e-281472100468896", "study_id": 0, "datetime_start": "2023-11-22T12:38:29.874209"}
{"op_code": 5, "worker_id": "9408cc98-e076-4a0c-9e7c-7608af62a80e-281472100468896", "trial_id": 14, "param_name": "max_ngram_1", "param_value_internal": 4.0, "distribution": "{\"name\": \"IntDistribution\", \"attributes\": {\"log\": false, \"step\": 1, \"low\": 1, \"high\": 5}}"}
{"op_code": 5, "worker_id": "9408cc98-e076-4a0c-9e7c-7608af62a80e-281472100468896", "trial_id": 14, "param_name": "max_ngram_2", "param_value_internal": 4.0, "distribution": "{\"name\": \"IntDistribution\", \"attributes\": {\"log\": false, \"step\": 1, \"low\": 1, \"high\": 5}}"}
{"op_code": 5, "worker_id": "9408cc98-e076-4a0c-9e7c-7608af62a80e-281472100468896", "trial_id": 14, "param_name": "C", "param_value_internal": 0.013208803225475782, "distribution": "{\"name\": \"FloatDistribution\", \"attributes\": {\"step\": null, \"low\": 1e-07, \"high\": 10.0, \"log\": true}}"}
{"op_code": 5, "worker_id": "9408cc98-e076-4a0c-9e7c-7608af62a80e-281472100468896", "trial_id": 14, "param_name": "loss", "param_value_internal": 0, "distribution": "{\"name\": \"CategoricalDistribution\", \"attributes\": {\"choices\": [\"hinge\", \"squared_hinge\"]}}"}
{"op_code": 8, "worker_id": "9408cc98-e076-4a0c-9e7c-7608af62a80e-281472100468896", "trial_id": 14, "user_attr": {"test_recall": 0.8186784804677691}}
{"op_code": 8, "worker_id": "9408cc98-e076-4a0c-9e7c-7608af62a80e-281472100468896", "trial_id": 14, "user_attr": {"test_precision": 0.873641271371107}}
{"op_code": 8, "worker_id": "9408cc98-e076-4a0c-9e7c-7608af62a80e-281472100468896", "trial_id": 14, "user_attr": {"test_f1": 0.8452003375404065}}
{"op_code": 8, "worker_id": "9408cc98-e076-4a0c-9e7c-7608af62a80e-281472100468896", "trial_id": 14, "user_attr": {"test_accuracy": 0.8500651430335239}}
{"op_code": 8, "worker_id": "9408cc98-e076-4a0c-9e7c-7608af62a80e-281472100468896", "trial_id": 14, "user_attr": {"test_roc_auc": 0.9201202003162429}}
{"op_code": 6, "worker_id": "9408cc98-e076-4a0c-9e7c-7608af62a80e-281472100468896", "trial_id": 14, "state": 1, "values": [0.9201202003162429], "datetime_complete": "2023-11-22T12:38:34.018298"}
{"op_code": 4, "worker_id": "9408cc98-e076-4a0c-9e7c-7608af62a80e-281472100468896", "study_id": 0, "datetime_start": "2023-11-22T12:38:34.020034"}
{"op_code": 5, "worker_id": "9408cc98-e076-4a0c-9e7c-7608af62a80e-281472100468896", "trial_id": 15, "param_name": "max_ngram_1", "param_value_internal": 4.0, "distribution": "{\"name\": \"IntDistribution\", \"attributes\": {\"log\": false, \"step\": 1, \"low\": 1, \"high\": 5}}"}
{"op_code": 5, "worker_id": "9408cc98-e076-4a0c-9e7c-7608af62a80e-281472100468896", "trial_id": 15, "param_name": "max_ngram_2", "param_value_internal": 4.0, "distribution": "{\"name\": \"IntDistribution\", \"attributes\": {\"log\": false, \"step\": 1, \"low\": 1, \"high\": 5}}"}
{"op_code": 5, "worker_id": "9408cc98-e076-4a0c-9e7c-7608af62a80e-281472100468896", "trial_id": 15, "param_name": "C", "param_value_internal": 9.878870258605659, "distribution": "{\"name\": \"FloatDistribution\", \"attributes\": {\"step\": null, \"low\": 1e-07, \"high\": 10.0, \"log\": true}}"}
{"op_code": 5, "worker_id": "9408cc98-e076-4a0c-9e7c-7608af62a80e-281472100468896", "trial_id": 15, "param_name": "loss", "param_value_internal": 0, "distribution": "{\"name\": \"CategoricalDistribution\", \"attributes\": {\"choices\": [\"hinge\", \"squared_hinge\"]}}"}
{"op_code": 8, "worker_id": "9408cc98-e076-4a0c-9e7c-7608af62a80e-281472100468896", "trial_id": 15, "user_attr": {"test_recall": 0.904197008286401}}
{"op_code": 8, "worker_id": "9408cc98-e076-4a0c-9e7c-7608af62a80e-281472100468896", "trial_id": 15, "user_attr": {"test_precision": 0.9681924392676399}}
{"op_code": 8, "worker_id": "9408cc98-e076-4a0c-9e7c-7608af62a80e-281472100468896", "trial_id": 15, "user_attr": {"test_f1": 0.9350795358082993}}
{"op_code": 8, "worker_id": "9408cc98-e076-4a0c-9e7c-7608af62a80e-281472100468896", "trial_id": 15, "user_attr": {"test_accuracy": 0.9372267611649416}}
{"op_code": 8, "worker_id": "9408cc98-e076-4a0c-9e7c-7608af62a80e-281472100468896", "trial_id": 15, "user_attr": {"test_roc_auc": 0.97801056477466}}
{"op_code": 6, "worker_id": "9408cc98-e076-4a0c-9e7c-7608af62a80e-281472100468896", "trial_id": 15, "state": 1, "values": [0.9775358419724742], "datetime_complete": "2023-11-22T12:38:58.770671"}
{"op_code": 0, "worker_id": "a4ea649d-a42a-4a34-a641-fe057f1d0469-281473533970592", "study_name": "optimize-model", "directions": [2]}
{"op_code": 4, "worker_id": "a4ea649d-a42a-4a34-a641-fe057f1d0469-281473533970592", "study_id": 0, "datetime_start": "2023-11-22T12:39:13.879543"}
{"op_code": 5, "worker_id": "a4ea649d-a42a-4a34-a641-fe057f1d0469-281473533970592", "trial_id": 16, "param_name": "max_ngram_1", "param_value_internal": 5.0, "distribution": "{\"name\": \"IntDistribution\", \"attributes\": {\"log\": false, \"step\": 1, \"low\": 1, \"high\": 5}}"}
{"op_code": 5, "worker_id": "a4ea649d-a42a-4a34-a641-fe057f1d0469-281473533970592", "trial_id": 16, "param_name": "max_ngram_2", "param_value_internal": 2.0, "distribution": "{\"name\": \"IntDistribution\", \"attributes\": {\"log\": false, \"step\": 1, \"low\": 1, \"high\": 5}}"}
{"op_code": 5, "worker_id": "a4ea649d-a42a-4a34-a641-fe057f1d0469-281473533970592", "trial_id": 16, "param_name": "C", "param_value_internal": 7.750862993081607, "distribution": "{\"name\": \"FloatDistribution\", \"attributes\": {\"step\": null, \"low\": 1e-07, \"high\": 10.0, \"log\": true}}"}
{"op_code": 5, "worker_id": "a4ea649d-a42a-4a34-a641-fe057f1d0469-281473533970592", "trial_id": 16, "param_name": "loss", "param_value_internal": 0, "distribution": "{\"name\": \"CategoricalDistribution\", \"attributes\": {\"choices\": [\"hinge\", \"squared_hinge\"]}}"}
{"op_code": 8, "worker_id": "a4ea649d-a42a-4a34-a641-fe057f1d0469-281473533970592", "trial_id": 16, "user_attr": {"test_recall": 0.8947928399756071}}
{"op_code": 8, "worker_id": "a4ea649d-a42a-4a34-a641-fe057f1d0469-281473533970592", "trial_id": 16, "user_attr": {"test_precision": 0.9585440794730683}}
{"op_code": 8, "worker_id": "a4ea649d-a42a-4a34-a641-fe057f1d0469-281473533970592", "trial_id": 16, "user_attr": {"test_f1": 0.9255512931560365}}
{"op_code": 8, "worker_id": "a4ea649d-a42a-4a34-a641-fe057f1d0469-281473533970592", "trial_id": 16, "user_attr": {"test_accuracy": 0.9280402774172014}}
{"op_code": 8, "worker_id": "a4ea649d-a42a-4a34-a641-fe057f1d0469-281473533970592", "trial_id": 16, "user_attr": {"test_roc_auc": 0.9752836949131052}}
{"op_code": 6, "worker_id": "a4ea649d-a42a-4a34-a641-fe057f1d0469-281473533970592", "trial_id": 16, "state": 1, "values": [0.9752203130418147], "datetime_complete": "2023-11-22T12:39:23.826865"}
{"op_code": 4, "worker_id": "a4ea649d-a42a-4a34-a641-fe057f1d0469-281473533970592", "study_id": 0, "datetime_start": "2023-11-22T12:39:23.829073"}
{"op_code": 5, "worker_id": "a4ea649d-a42a-4a34-a641-fe057f1d0469-281473533970592", "trial_id": 17, "param_name": "max_ngram_1", "param_value_internal": 4.0, "distribution": "{\"name\": \"IntDistribution\", \"attributes\": {\"log\": false, \"step\": 1, \"low\": 1, \"high\": 5}}"}
{"op_code": 5, "worker_id": "a4ea649d-a42a-4a34-a641-fe057f1d0469-281473533970592", "trial_id": 17, "param_name": "max_ngram_2", "param_value_internal": 4.0, "distribution": "{\"name\": \"IntDistribution\", \"attributes\": {\"log\": false, \"step\": 1, \"low\": 1, \"high\": 5}}"}
{"op_code": 5, "worker_id": "a4ea649d-a42a-4a34-a641-fe057f1d0469-281473533970592", "trial_id": 17, "param_name": "C", "param_value_internal": 0.21262114567924456, "distribution": "{\"name\": \"FloatDistribution\", \"attributes\": {\"step\": null, \"low\": 1e-07, \"high\": 10.0, \"log\": true}}"}
{"op_code": 5, "worker_id": "a4ea649d-a42a-4a34-a641-fe057f1d0469-281473533970592", "trial_id": 17, "param_name": "loss", "param_value_internal": 0, "distribution": "{\"name\": \"CategoricalDistribution\", \"attributes\": {\"choices\": [\"hinge\", \"squared_hinge\"]}}"}
{"op_code": 8, "worker_id": "a4ea649d-a42a-4a34-a641-fe057f1d0469-281473533970592", "trial_id": 17, "user_attr": {"test_recall": 0.8932589589984575}}
{"op_code": 8, "worker_id": "a4ea649d-a42a-4a34-a641-fe057f1d0469-281473533970592", "trial_id": 17, "user_attr": {"test_precision": 0.9253330506472859}}
{"op_code": 8, "worker_id": "a4ea649d-a42a-4a34-a641-fe057f1d0469-281473533970592", "trial_id": 17, "user_attr": {"test_f1": 0.9089604488937988}}
{"op_code": 8, "worker_id": "a4ea649d-a42a-4a34-a641-fe057f1d0469-281473533970592", "trial_id": 17, "user_attr": {"test_accuracy": 0.91054144688121}}
{"op_code": 8, "worker_id": "a4ea649d-a42a-4a34-a641-fe057f1d0469-281473533970592", "trial_id": 17, "user_attr": {"test_roc_auc": 0.9664304030728713}}
{"op_code": 6, "worker_id": "a4ea649d-a42a-4a34-a641-fe057f1d0469-281473533970592", "trial_id": 17, "state": 1, "values": [0.9664304030728713], "datetime_complete": "2023-11-22T12:39:32.090046"}
{"op_code": 4, "worker_id": "a4ea649d-a42a-4a34-a641-fe057f1d0469-281473533970592", "study_id": 0, "datetime_start": "2023-11-22T12:39:32.091781"}
{"op_code": 5, "worker_id": "a4ea649d-a42a-4a34-a641-fe057f1d0469-281473533970592", "trial_id": 18, "param_name": "max_ngram_1", "param_value_internal": 2.0, "distribution": "{\"name\": \"IntDistribution\", \"attributes\": {\"log\": false, \"step\": 1, \"low\": 1, \"high\": 5}}"}
{"op_code": 5, "worker_id": "a4ea649d-a42a-4a34-a641-fe057f1d0469-281473533970592", "trial_id": 18, "param_name": "max_ngram_2", "param_value_internal": 2.0, "distribution": "{\"name\": \"IntDistribution\", \"attributes\": {\"log\": false, \"step\": 1, \"low\": 1, \"high\": 5}}"}
{"op_code": 5, "worker_id": "a4ea649d-a42a-4a34-a641-fe057f1d0469-281473533970592", "trial_id": 18, "param_name": "C", "param_value_internal": 0.004213046784897602, "distribution": "{\"name\": \"FloatDistribution\", \"attributes\": {\"step\": null, \"low\": 1e-07, \"high\": 10.0, \"log\": true}}"}
{"op_code": 5, "worker_id": "a4ea649d-a42a-4a34-a641-fe057f1d0469-281473533970592", "trial_id": 18, "param_name": "loss", "param_value_internal": 0, "distribution": "{\"name\": \"CategoricalDistribution\", \"attributes\": {\"choices\": [\"hinge\", \"squared_hinge\"]}}"}
{"op_code": 8, "worker_id": "a4ea649d-a42a-4a34-a641-fe057f1d0469-281473533970592", "trial_id": 18, "user_attr": {"test_recall": 0.7981150530305748}}
{"op_code": 8, "worker_id": "a4ea649d-a42a-4a34-a641-fe057f1d0469-281473533970592", "trial_id": 18, "user_attr": {"test_precision": 0.8403023823449951}}
{"op_code": 8, "worker_id": "a4ea649d-a42a-4a34-a641-fe057f1d0469-281473533970592", "trial_id": 18, "user_attr": {"test_f1": 0.8186235397089827}}
{"op_code": 8, "worker_id": "a4ea649d-a42a-4a34-a641-fe057f1d0469-281473533970592", "trial_id": 18, "user_attr": {"test_accuracy": 0.8231613094647023}}
{"op_code": 8, "worker_id": "a4ea649d-a42a-4a34-a641-fe057f1d0469-281473533970592", "trial_id": 18, "user_attr": {"test_roc_auc": 0.900199643023915}}
{"op_code": 6, "worker_id": "a4ea649d-a42a-4a34-a641-fe057f1d0469-281473533970592", "trial_id": 18, "state": 1, "values": [0.900199643023915], "datetime_complete": "2023-11-22T12:39:33.565565"}
{"op_code": 4, "worker_id": "a4ea649d-a42a-4a34-a641-fe057f1d0469-281473533970592", "study_id": 0, "datetime_start": "2023-11-22T12:39:33.567806"}
{"op_code": 5, "worker_id": "a4ea649d-a42a-4a34-a641-fe057f1d0469-281473533970592", "trial_id": 19, "param_name": "max_ngram_1", "param_value_internal": 3.0, "distribution": "{\"name\": \"IntDistribution\", \"attributes\": {\"log\": false, \"step\": 1, \"low\": 1, \"high\": 5}}"}
{"op_code": 5, "worker_id": "a4ea649d-a42a-4a34-a641-fe057f1d0469-281473533970592", "trial_id": 19, "param_name": "max_ngram_2", "param_value_internal": 3.0, "distribution": "{\"name\": \"IntDistribution\", \"attributes\": {\"log\": false, \"step\": 1, \"low\": 1, \"high\": 5}}"}
{"op_code": 5, "worker_id": "a4ea649d-a42a-4a34-a641-fe057f1d0469-281473533970592", "trial_id": 19, "param_name": "C", "param_value_internal": 0.10139200253628444, "distribution": "{\"name\": \"FloatDistribution\", \"attributes\": {\"step\": null, \"low\": 1e-07, \"high\": 10.0, \"log\": true}}"}
{"op_code": 5, "worker_id": "a4ea649d-a42a-4a34-a641-fe057f1d0469-281473533970592", "trial_id": 19, "param_name": "loss", "param_value_internal": 0, "distribution": "{\"name\": \"CategoricalDistribution\", \"attributes\": {\"choices\": [\"hinge\", \"squared_hinge\"]}}"}
{"op_code": 8, "worker_id": "a4ea649d-a42a-4a34-a641-fe057f1d0469-281473533970592", "trial_id": 19, "user_attr": {"test_recall": 0.8796986763281558}}
{"op_code": 8, "worker_id": "a4ea649d-a42a-4a34-a641-fe057f1d0469-281473533970592", "trial_id": 19, "user_attr": {"test_precision": 0.8998057610186546}}
{"op_code": 8, "worker_id": "a4ea649d-a42a-4a34-a641-fe057f1d0469-281473533970592", "trial_id": 19, "user_attr": {"test_f1": 0.8896104818411494}}
{"op_code": 8, "worker_id": "a4ea649d-a42a-4a34-a641-fe057f1d0469-281473533970592", "trial_id": 19, "user_attr": {"test_accuracy": 0.8908564065690976}}
{"op_code": 8, "worker_id": "a4ea649d-a42a-4a34-a641-fe057f1d0469-281473533970592", "trial_id": 19, "user_attr": {"test_roc_auc": 0.9563621583528583}}
{"op_code": 6, "worker_id": "a4ea649d-a42a-4a34-a641-fe057f1d0469-281473533970592", "trial_id": 19, "state": 1, "values": [0.9563621583528583], "datetime_complete": "2023-11-22T12:39:36.869022"}
{"op_code": 4, "worker_id": "a4ea649d-a42a-4a34-a641-fe057f1d0469-281473533970592", "study_id": 0, "datetime_start": "2023-11-22T12:39:36.870922"}
{"op_code": 5, "worker_id": "a4ea649d-a42a-4a34-a641-fe057f1d0469-281473533970592", "trial_id": 20, "param_name": "max_ngram_1", "param_value_internal": 5.0, "distribution": "{\"name\": \"IntDistribution\", \"attributes\": {\"log\": false, \"step\": 1, \"low\": 1, \"high\": 5}}"}
{"op_code": 5, "worker_id": "a4ea649d-a42a-4a34-a641-fe057f1d0469-281473533970592", "trial_id": 20, "param_name": "max_ngram_2", "param_value_internal": 4.0, "distribution": "{\"name\": \"IntDistribution\", \"attributes\": {\"log\": false, \"step\": 1, \"low\": 1, \"high\": 5}}"}
{"op_code": 5, "worker_id": "a4ea649d-a42a-4a34-a641-fe057f1d0469-281473533970592", "trial_id": 20, "param_name": "C", "param_value_internal": 1.32886738975169, "distribution": "{\"name\": \"FloatDistribution\", \"attributes\": {\"step\": null, \"low\": 1e-07, \"high\": 10.0, \"log\": true}}"}
{"op_code": 5, "worker_id": "a4ea649d-a42a-4a34-a641-fe057f1d0469-281473533970592", "trial_id": 20, "param_name": "loss", "param_value_internal": 0, "distribution": "{\"name\": \"CategoricalDistribution\", \"attributes\": {\"choices\": [\"hinge\", \"squared_hinge\"]}}"}
{"op_code": 8, "worker_id": "a4ea649d-a42a-4a34-a641-fe057f1d0469-281473533970592", "trial_id": 20, "user_attr": {"test_recall": 0.8967607705276752}}
{"op_code": 8, "worker_id": "a4ea649d-a42a-4a34-a641-fe057f1d0469-281473533970592", "trial_id": 20, "user_attr": {"test_precision": 0.9692967488149916}}
{"op_code": 8, "worker_id": "a4ea649d-a42a-4a34-a641-fe057f1d0469-281473533970592", "trial_id": 20, "user_attr": {"test_f1": 0.9316077070294619}}
{"op_code": 8, "worker_id": "a4ea649d-a42a-4a34-a641-fe057f1d0469-281473533970592", "trial_id": 20, "user_attr": {"test_accuracy": 0.9341645600362742}}
{"op_code": 8, "worker_id": "a4ea649d-a42a-4a34-a641-fe057f1d0469-281473533970592", "trial_id": 20, "user_attr": {"test_roc_auc": 0.9770996517289259}}
{"op_code": 6, "worker_id": "a4ea649d-a42a-4a34-a641-fe057f1d0469-281473533970592", "trial_id": 20, "state": 1, "values": [0.976176298262606], "datetime_complete": "2023-11-22T12:40:03.978461"}
{"op_code": 0, "worker_id": "47d4e251-3632-4c20-85f2-31f097d896ab-281472620611744", "study_name": "optimize-model", "directions": [2]}
{"op_code": 4, "worker_id": "47d4e251-3632-4c20-85f2-31f097d896ab-281472620611744", "study_id": 0, "datetime_start": "2023-11-22T12:44:51.139718"}
{"op_code": 5, "worker_id": "47d4e251-3632-4c20-85f2-31f097d896ab-281472620611744", "trial_id": 21, "param_name": "max_ngram_1", "param_value_internal": 2.0, "distribution": "{\"name\": \"IntDistribution\", \"attributes\": {\"log\": false, \"step\": 1, \"low\": 1, \"high\": 5}}"}
{"op_code": 5, "worker_id": "47d4e251-3632-4c20-85f2-31f097d896ab-281472620611744", "trial_id": 21, "param_name": "max_ngram_2", "param_value_internal": 1.0, "distribution": "{\"name\": \"IntDistribution\", \"attributes\": {\"log\": false, \"step\": 1, \"low\": 1, \"high\": 5}}"}
{"op_code": 5, "worker_id": "47d4e251-3632-4c20-85f2-31f097d896ab-281472620611744", "trial_id": 21, "param_name": "C", "param_value_internal": 1.0453270957992625e-07, "distribution": "{\"name\": \"FloatDistribution\", \"attributes\": {\"step\": null, \"low\": 1e-07, \"high\": 10.0, \"log\": true}}"}
{"op_code": 5, "worker_id": "47d4e251-3632-4c20-85f2-31f097d896ab-281472620611744", "trial_id": 21, "param_name": "loss", "param_value_internal": 0, "distribution": "{\"name\": \"CategoricalDistribution\", \"attributes\": {\"choices\": [\"hinge\", \"squared_hinge\"]}}"}
{"op_code": 8, "worker_id": "47d4e251-3632-4c20-85f2-31f097d896ab-281472620611744", "trial_id": 21, "user_attr": {"test_recall": 0.7959297389723907}}
{"op_code": 8, "worker_id": "47d4e251-3632-4c20-85f2-31f097d896ab-281472620611744", "trial_id": 21, "user_attr": {"test_precision": 0.7599623206583461}}
{"op_code": 8, "worker_id": "47d4e251-3632-4c20-85f2-31f097d896ab-281472620611744", "trial_id": 21, "user_attr": {"test_f1": 0.7775122440955379}}
{"op_code": 8, "worker_id": "47d4e251-3632-4c20-85f2-31f097d896ab-281472620611744", "trial_id": 21, "user_attr": {"test_accuracy": 0.7721991785636948}}
{"op_code": 8, "worker_id": "47d4e251-3632-4c20-85f2-31f097d896ab-281472620611744", "trial_id": 21, "user_attr": {"test_roc_auc": 0.855170435188003}}
{"op_code": 6, "worker_id": "47d4e251-3632-4c20-85f2-31f097d896ab-281472620611744", "trial_id": 21, "state": 1, "values": [0.855170435188003], "datetime_complete": "2023-11-22T12:44:52.956227"}
{"op_code": 4, "worker_id": "47d4e251-3632-4c20-85f2-31f097d896ab-281472620611744", "study_id": 0, "datetime_start": "2023-11-22T12:44:53.017139"}
{"op_code": 5, "worker_id": "47d4e251-3632-4c20-85f2-31f097d896ab-281472620611744", "trial_id": 22, "param_name": "max_ngram_1", "param_value_internal": 4.0, "distribution": "{\"name\": \"IntDistribution\", \"attributes\": {\"log\": false, \"step\": 1, \"low\": 1, \"high\": 5}}"}
{"op_code": 5, "worker_id": "47d4e251-3632-4c20-85f2-31f097d896ab-281472620611744", "trial_id": 22, "param_name": "max_ngram_2", "param_value_internal": 4.0, "distribution": "{\"name\": \"IntDistribution\", \"attributes\": {\"log\": false, \"step\": 1, \"low\": 1, \"high\": 5}}"}
{"op_code": 5, "worker_id": "47d4e251-3632-4c20-85f2-31f097d896ab-281472620611744", "trial_id": 22, "param_name": "C", "param_value_internal": 0.9872937283166215, "distribution": "{\"name\": \"FloatDistribution\", \"attributes\": {\"step\": null, \"low\": 1e-07, \"high\": 10.0, \"log\": true}}"}
{"op_code": 5, "worker_id": "47d4e251-3632-4c20-85f2-31f097d896ab-281472620611744", "trial_id": 22, "param_name": "loss", "param_value_internal": 0, "distribution": "{\"name\": \"CategoricalDistribution\", \"attributes\": {\"choices\": [\"hinge\", \"squared_hinge\"]}}"}
{"op_code": 8, "worker_id": "47d4e251-3632-4c20-85f2-31f097d896ab-281472620611744", "trial_id": 22, "user_attr": {"test_recall": 0.9041965299948582}}
{"op_code": 8, "worker_id": "47d4e251-3632-4c20-85f2-31f097d896ab-281472620611744", "trial_id": 22, "user_attr": {"test_precision": 0.967507267364337}}
{"op_code": 8, "worker_id": "47d4e251-3632-4c20-85f2-31f097d896ab-281472620611744", "trial_id": 22, "user_attr": {"test_f1": 0.9347574767115034}}
{"op_code": 8, "worker_id": "47d4e251-3632-4c20-85f2-31f097d896ab-281472620611744", "trial_id": 22, "user_attr": {"test_accuracy": 0.9368985335938257}}
{"op_code": 8, "worker_id": "47d4e251-3632-4c20-85f2-31f097d896ab-281472620611744", "trial_id": 22, "user_attr": {"test_roc_auc": 0.9778460209715142}}
{"op_code": 6, "worker_id": "47d4e251-3632-4c20-85f2-31f097d896ab-281472620611744", "trial_id": 22, "state": 1, "values": [0.9773158278628737], "datetime_complete": "2023-11-22T12:45:17.925831"}
{"op_code": 4, "worker_id": "47d4e251-3632-4c20-85f2-31f097d896ab-281472620611744", "study_id": 0, "datetime_start": "2023-11-22T12:45:17.930399"}
{"op_code": 5, "worker_id": "47d4e251-3632-4c20-85f2-31f097d896ab-281472620611744", "trial_id": 23, "param_name": "max_ngram_1", "param_value_internal": 4.0, "distribution": "{\"name\": \"IntDistribution\", \"attributes\": {\"log\": false, \"step\": 1, \"low\": 1, \"high\": 5}}"}
{"op_code": 5, "worker_id": "47d4e251-3632-4c20-85f2-31f097d896ab-281472620611744", "trial_id": 23, "param_name": "max_ngram_2", "param_value_internal": 3.0, "distribution": "{\"name\": \"IntDistribution\", \"attributes\": {\"log\": false, \"step\": 1, \"low\": 1, \"high\": 5}}"}
{"op_code": 5, "worker_id": "47d4e251-3632-4c20-85f2-31f097d896ab-281472620611744", "trial_id": 23, "param_name": "C", "param_value_internal": 2.953978937267346, "distribution": "{\"name\": \"FloatDistribution\", \"attributes\": {\"step\": null, \"low\": 1e-07, \"high\": 10.0, \"log\": true}}"}
{"op_code": 5, "worker_id": "47d4e251-3632-4c20-85f2-31f097d896ab-281472620611744", "trial_id": 23, "param_name": "loss", "param_value_internal": 0, "distribution": "{\"name\": \"CategoricalDistribution\", \"attributes\": {\"choices\": [\"hinge\", \"squared_hinge\"]}}"}
{"op_code": 8, "worker_id": "47d4e251-3632-4c20-85f2-31f097d896ab-281472620611744", "trial_id": 23, "user_attr": {"test_recall": 0.9066044887661274}}
{"op_code": 8, "worker_id": "47d4e251-3632-4c20-85f2-31f097d896ab-281472620611744", "trial_id": 23, "user_attr": {"test_precision": 0.9632937253141769}}
{"op_code": 8, "worker_id": "47d4e251-3632-4c20-85f2-31f097d896ab-281472620611744", "trial_id": 23, "user_attr": {"test_f1": 0.9340856960938663}}
{"op_code": 8, "worker_id": "47d4e251-3632-4c20-85f2-31f097d896ab-281472620611744", "trial_id": 23, "user_attr": {"test_accuracy": 0.936023678804766}}
{"op_code": 8, "worker_id": "47d4e251-3632-4c20-85f2-31f097d896ab-281472620611744", "trial_id": 23, "user_attr": {"test_roc_auc": 0.9787542449355584}}
{"op_code": 6, "worker_id": "47d4e251-3632-4c20-85f2-31f097d896ab-281472620611744", "trial_id": 23, "state": 1, "values": [0.9787542449355584], "datetime_complete": "2023-11-22T12:45:34.050219"}
{"op_code": 4, "worker_id": "47d4e251-3632-4c20-85f2-31f097d896ab-281472620611744", "study_id": 0, "datetime_start": "2023-11-22T12:45:34.051943"}
{"op_code": 5, "worker_id": "47d4e251-3632-4c20-85f2-31f097d896ab-281472620611744", "trial_id": 24, "param_name": "max_ngram_1", "param_value_internal": 3.0, "distribution": "{\"name\": \"IntDistribution\", \"attributes\": {\"log\": false, \"step\": 1, \"low\": 1, \"high\": 5}}"}
{"op_code": 5, "worker_id": "47d4e251-3632-4c20-85f2-31f097d896ab-281472620611744", "trial_id": 24, "param_name": "max_ngram_2", "param_value_internal": 3.0, "distribution": "{\"name\": \"IntDistribution\", \"attributes\": {\"log\": false, \"step\": 1, \"low\": 1, \"high\": 5}}"}
{"op_code": 5, "worker_id": "47d4e251-3632-4c20-85f2-31f097d896ab-281472620611744", "trial_id": 24, "param_name": "C", "param_value_internal": 8.887364375525351, "distribution": "{\"name\": \"FloatDistribution\", \"attributes\": {\"step\": null, \"low\": 1e-07, \"high\": 10.0, \"log\": true}}"}
{"op_code": 5, "worker_id": "47d4e251-3632-4c20-85f2-31f097d896ab-281472620611744", "trial_id": 24, "param_name": "loss", "param_value_internal": 0, "distribution": "{\"name\": \"CategoricalDistribution\", \"attributes\": {\"choices\": [\"hinge\", \"squared_hinge\"]}}"}
{"op_code": 8, "worker_id": "47d4e251-3632-4c20-85f2-31f097d896ab-281472620611744", "trial_id": 24, "user_attr": {"test_recall": 0.9142583491767408}}
{"op_code": 8, "worker_id": "47d4e251-3632-4c20-85f2-31f097d896ab-281472620611744", "trial_id": 24, "user_attr": {"test_precision": 0.9622515331819101}}
{"op_code": 8, "worker_id": "47d4e251-3632-4c20-85f2-31f097d896ab-281472620611744", "trial_id": 24, "user_attr": {"test_f1": 0.9376354737544235}}
{"op_code": 8, "worker_id": "47d4e251-3632-4c20-85f2-31f097d896ab-281472620611744", "trial_id": 24, "user_attr": {"test_accuracy": 0.9391951096664126}}
{"op_code": 8, "worker_id": "47d4e251-3632-4c20-85f2-31f097d896ab-281472620611744", "trial_id": 24, "user_attr": {"test_roc_auc": 0.9793075896573589}}
{"op_code": 6, "worker_id": "47d4e251-3632-4c20-85f2-31f097d896ab-281472620611744", "trial_id": 24, "state": 1, "values": [0.9793075896573589], "datetime_complete": "2023-11-22T12:45:48.442078"}
{"op_code": 4, "worker_id": "47d4e251-3632-4c20-85f2-31f097d896ab-281472620611744", "study_id": 0, "datetime_start": "2023-11-22T12:45:48.444792"}
{"op_code": 5, "worker_id": "47d4e251-3632-4c20-85f2-31f097d896ab-281472620611744", "trial_id": 25, "param_name": "max_ngram_1", "param_value_internal": 3.0, "distribution": "{\"name\": \"IntDistribution\", \"attributes\": {\"log\": false, \"step\": 1, \"low\": 1, \"high\": 5}}"}
{"op_code": 5, "worker_id": "47d4e251-3632-4c20-85f2-31f097d896ab-281472620611744", "trial_id": 25, "param_name": "max_ngram_2", "param_value_internal": 3.0, "distribution": "{\"name\": \"IntDistribution\", \"attributes\": {\"log\": false, \"step\": 1, \"low\": 1, \"high\": 5}}"}
{"op_code": 5, "worker_id": "47d4e251-3632-4c20-85f2-31f097d896ab-281472620611744", "trial_id": 25, "param_name": "C", "param_value_internal": 0.334126393390952, "distribution": "{\"name\": \"FloatDistribution\", \"attributes\": {\"step\": null, \"low\": 1e-07, \"high\": 10.0, \"log\": true}}"}
{"op_code": 5, "worker_id": "47d4e251-3632-4c20-85f2-31f097d896ab-281472620611744", "trial_id": 25, "param_name": "loss", "param_value_internal": 0, "distribution": "{\"name\": \"CategoricalDistribution\", \"attributes\": {\"choices\": [\"hinge\", \"squared_hinge\"]}}"}
{"op_code": 8, "worker_id": "47d4e251-3632-4c20-85f2-31f097d896ab-281472620611744", "trial_id": 25, "user_attr": {"test_recall": 0.9094474536954001}}
{"op_code": 8, "worker_id": "47d4e251-3632-4c20-85f2-31f097d896ab-281472620611744", "trial_id": 25, "user_attr": {"test_precision": 0.9438207294624421}}
{"op_code": 8, "worker_id": "47d4e251-3632-4c20-85f2-31f097d896ab-281472620611744", "trial_id": 25, "user_attr": {"test_f1": 0.9262855373905967}}
{"op_code": 8, "worker_id": "47d4e251-3632-4c20-85f2-31f097d896ab-281472620611744", "trial_id": 25, "user_attr": {"test_accuracy": 0.9276016237304885}}
{"op_code": 8, "worker_id": "47d4e251-3632-4c20-85f2-31f097d896ab-281472620611744", "trial_id": 25, "user_attr": {"test_roc_auc": 0.9739068964695307}}
{"op_code": 6, "worker_id": "47d4e251-3632-4c20-85f2-31f097d896ab-281472620611744", "trial_id": 25, "state": 1, "values": [0.97279298346307], "datetime_complete": "2023-11-22T12:45:55.692526"}
{"op_code": 0, "worker_id": "6e9a7edd-21bb-4247-ba50-78c4f5737f3d-281473364805792", "study_name": "optimize-model", "directions": [2]}
{"op_code": 4, "worker_id": "6e9a7edd-21bb-4247-ba50-78c4f5737f3d-281473364805792", "study_id": 0, "datetime_start": "2023-11-22T12:46:18.669310"}
{"op_code": 5, "worker_id": "6e9a7edd-21bb-4247-ba50-78c4f5737f3d-281473364805792", "trial_id": 26, "param_name": "max_ngram_1", "param_value_internal": 2.0, "distribution": "{\"name\": \"IntDistribution\", \"attributes\": {\"log\": false, \"step\": 1, \"low\": 1, \"high\": 5}}"}
{"op_code": 5, "worker_id": "6e9a7edd-21bb-4247-ba50-78c4f5737f3d-281473364805792", "trial_id": 26, "param_name": "max_ngram_2", "param_value_internal": 3.0, "distribution": "{\"name\": \"IntDistribution\", \"attributes\": {\"log\": false, \"step\": 1, \"low\": 1, \"high\": 5}}"}
{"op_code": 5, "worker_id": "6e9a7edd-21bb-4247-ba50-78c4f5737f3d-281473364805792", "trial_id": 26, "param_name": "C", "param_value_internal": 2.199263080706395, "distribution": "{\"name\": \"FloatDistribution\", \"attributes\": {\"step\": null, \"low\": 1e-07, \"high\": 10.0, \"log\": true}}"}
{"op_code": 5, "worker_id": "6e9a7edd-21bb-4247-ba50-78c4f5737f3d-281473364805792", "trial_id": 26, "param_name": "loss", "param_value_internal": 0, "distribution": "{\"name\": \"CategoricalDistribution\", \"attributes\": {\"choices\": [\"hinge\", \"squared_hinge\"]}}"}
{"op_code": 8, "worker_id": "6e9a7edd-21bb-4247-ba50-78c4f5737f3d-281473364805792", "trial_id": 26, "user_attr": {"test_recall": 0.9166646339276106}}
{"op_code": 8, "worker_id": "6e9a7edd-21bb-4247-ba50-78c4f5737f3d-281473364805792", "trial_id": 26, "user_attr": {"test_precision": 0.9621258766637346}}
{"op_code": 8, "worker_id": "6e9a7edd-21bb-4247-ba50-78c4f5737f3d-281473364805792", "trial_id": 26, "user_attr": {"test_f1": 0.938838972947087}}
{"op_code": 8, "worker_id": "6e9a7edd-21bb-4247-ba50-78c4f5737f3d-281473364805792", "trial_id": 26, "user_attr": {"test_accuracy": 0.9402885435596928}}
{"op_code": 8, "worker_id": "6e9a7edd-21bb-4247-ba50-78c4f5737f3d-281473364805792", "trial_id": 26, "user_attr": {"test_roc_auc": 0.9798341512301866}}
{"op_code": 6, "worker_id": "6e9a7edd-21bb-4247-ba50-78c4f5737f3d-281473364805792", "trial_id": 26, "state": 1, "values": [0.9797539131142596], "datetime_complete": "2023-11-22T12:46:31.321200"}
{"op_code": 4, "worker_id": "6e9a7edd-21bb-4247-ba50-78c4f5737f3d-281473364805792", "study_id": 0, "datetime_start": "2023-11-22T12:46:31.323344"}
{"op_code": 5, "worker_id": "6e9a7edd-21bb-4247-ba50-78c4f5737f3d-281473364805792", "trial_id": 27, "param_name": "max_ngram_1", "param_value_internal": 2.0, "distribution": "{\"name\": \"IntDistribution\", \"attributes\": {\"log\": false, \"step\": 1, \"low\": 1, \"high\": 5}}"}
{"op_code": 5, "worker_id": "6e9a7edd-21bb-4247-ba50-78c4f5737f3d-281473364805792", "trial_id": 27, "param_name": "max_ngram_2", "param_value_internal": 2.0, "distribution": "{\"name\": \"IntDistribution\", \"attributes\": {\"log\": false, \"step\": 1, \"low\": 1, \"high\": 5}}"}
{"op_code": 5, "worker_id": "6e9a7edd-21bb-4247-ba50-78c4f5737f3d-281473364805792", "trial_id": 27, "param_name": "C", "param_value_internal": 2.8322599349191204, "distribution": "{\"name\": \"FloatDistribution\", \"attributes\": {\"step\": null, \"low\": 1e-07, \"high\": 10.0, \"log\": true}}"}
{"op_code": 5, "worker_id": "6e9a7edd-21bb-4247-ba50-78c4f5737f3d-281473364805792", "trial_id": 27, "param_name": "loss", "param_value_internal": 0, "distribution": "{\"name\": \"CategoricalDistribution\", \"attributes\": {\"choices\": [\"hinge\", \"squared_hinge\"]}}"}
{"op_code": 8, "worker_id": "6e9a7edd-21bb-4247-ba50-78c4f5737f3d-281473364805792", "trial_id": 27, "user_attr": {"test_recall": 0.9153524410804608}}
{"op_code": 8, "worker_id": "6e9a7edd-21bb-4247-ba50-78c4f5737f3d-281473364805792", "trial_id": 27, "user_attr": {"test_precision": 0.9548293235777778}}
{"op_code": 8, "worker_id": "6e9a7edd-21bb-4247-ba50-78c4f5737f3d-281473364805792", "trial_id": 27, "user_attr": {"test_f1": 0.9346674394769658}}
{"op_code": 8, "worker_id": "6e9a7edd-21bb-4247-ba50-78c4f5737f3d-281473364805792", "trial_id": 27, "user_attr": {"test_accuracy": 0.9360233198899806}}
{"op_code": 8, "worker_id": "6e9a7edd-21bb-4247-ba50-78c4f5737f3d-281473364805792", "trial_id": 27, "user_attr": {"test_roc_auc": 0.9778860433507441}}
{"op_code": 6, "worker_id": "6e9a7edd-21bb-4247-ba50-78c4f5737f3d-281473364805792", "trial_id": 27, "state": 1, "values": [0.9778860433507441], "datetime_complete": "2023-11-22T12:46:38.009617"}
{"op_code": 4, "worker_id": "6e9a7edd-21bb-4247-ba50-78c4f5737f3d-281473364805792", "study_id": 0, "datetime_start": "2023-11-22T12:46:38.011389"}
{"op_code": 5, "worker_id": "6e9a7edd-21bb-4247-ba50-78c4f5737f3d-281473364805792", "trial_id": 28, "param_name": "max_ngram_1", "param_value_internal": 2.0, "distribution": "{\"name\": \"IntDistribution\", \"attributes\": {\"log\": false, \"step\": 1, \"low\": 1, \"high\": 5}}"}
{"op_code": 5, "worker_id": "6e9a7edd-21bb-4247-ba50-78c4f5737f3d-281473364805792", "trial_id": 28, "param_name": "max_ngram_2", "param_value_internal": 3.0, "distribution": "{\"name\": \"IntDistribution\", \"attributes\": {\"log\": false, \"step\": 1, \"low\": 1, \"high\": 5}}"}
{"op_code": 5, "worker_id": "6e9a7edd-21bb-4247-ba50-78c4f5737f3d-281473364805792", "trial_id": 28, "param_name": "C", "param_value_internal": 0.1337811693594551, "distribution": "{\"name\": \"FloatDistribution\", \"attributes\": {\"step\": null, \"low\": 1e-07, \"high\": 10.0, \"log\": true}}"}
{"op_code": 5, "worker_id": "6e9a7edd-21bb-4247-ba50-78c4f5737f3d-281473364805792", "trial_id": 28, "param_name": "loss", "param_value_internal": 0, "distribution": "{\"name\": \"CategoricalDistribution\", \"attributes\": {\"choices\": [\"hinge\", \"squared_hinge\"]}}"}
{"op_code": 8, "worker_id": "6e9a7edd-21bb-4247-ba50-78c4f5737f3d-281473364805792", "trial_id": 28, "user_attr": {"test_recall": 0.8945716301371501}}
{"op_code": 8, "worker_id": "6e9a7edd-21bb-4247-ba50-78c4f5737f3d-281473364805792", "trial_id": 28, "user_attr": {"test_precision": 0.9077364940166548}}
{"op_code": 8, "worker_id": "6e9a7edd-21bb-4247-ba50-78c4f5737f3d-281473364805792", "trial_id": 28, "user_attr": {"test_f1": 0.9010677494951214}}
{"op_code": 8, "worker_id": "6e9a7edd-21bb-4247-ba50-78c4f5737f3d-281473364805792", "trial_id": 28, "user_attr": {"test_accuracy": 0.9017927195332194}}
{"op_code": 8, "worker_id": "6e9a7edd-21bb-4247-ba50-78c4f5737f3d-281473364805792", "trial_id": 28, "user_attr": {"test_roc_auc": 0.9619627610525313}}
{"op_code": 6, "worker_id": "6e9a7edd-21bb-4247-ba50-78c4f5737f3d-281473364805792", "trial_id": 28, "state": 1, "values": [0.9619627610525313], "datetime_complete": "2023-11-22T12:46:41.470741"}
{"op_code": 0, "worker_id": "1461764c-490c-4128-880f-0757f38e7fe3-281470980720800", "study_name": "optimize-model", "directions": [2]}
{"op_code": 4, "worker_id": "1461764c-490c-4128-880f-0757f38e7fe3-281470980720800", "study_id": 0, "datetime_start": "2023-11-22T12:48:26.478672"}
{"op_code": 5, "worker_id": "1461764c-490c-4128-880f-0757f38e7fe3-281470980720800", "trial_id": 29, "param_name": "max_ngram_1", "param_value_internal": 2.0, "distribution": "{\"name\": \"IntDistribution\", \"attributes\": {\"log\": false, \"step\": 1, \"low\": 1, \"high\": 5}}"}
{"op_code": 5, "worker_id": "1461764c-490c-4128-880f-0757f38e7fe3-281470980720800", "trial_id": 29, "param_name": "max_ngram_2", "param_value_internal": 2.0, "distribution": "{\"name\": \"IntDistribution\", \"attributes\": {\"log\": false, \"step\": 1, \"low\": 1, \"high\": 5}}"}
{"op_code": 5, "worker_id": "1461764c-490c-4128-880f-0757f38e7fe3-281470980720800", "trial_id": 29, "param_name": "C", "param_value_internal": 2.917197321789479, "distribution": "{\"name\": \"FloatDistribution\", \"attributes\": {\"step\": null, \"low\": 1e-07, \"high\": 10.0, \"log\": true}}"}
{"op_code": 5, "worker_id": "1461764c-490c-4128-880f-0757f38e7fe3-281470980720800", "trial_id": 29, "param_name": "loss", "param_value_internal": 0, "distribution": "{\"name\": \"CategoricalDistribution\", \"attributes\": {\"choices\": [\"hinge\", \"squared_hinge\"]}}"}
{"op_code": 8, "worker_id": "1461764c-490c-4128-880f-0757f38e7fe3-281470980720800", "trial_id": 29, "user_attr": {"test_recall": 0.9153524410804608}}
{"op_code": 8, "worker_id": "1461764c-490c-4128-880f-0757f38e7fe3-281470980720800", "trial_id": 29, "user_attr": {"test_precision": 0.9546111215932281}}
{"op_code": 8, "worker_id": "1461764c-490c-4128-880f-0757f38e7fe3-281470980720800", "trial_id": 29, "user_attr": {"test_f1": 0.9345627340108307}}
{"op_code": 8, "worker_id": "1461764c-490c-4128-880f-0757f38e7fe3-281470980720800", "trial_id": 29, "user_attr": {"test_accuracy": 0.9359139705187396}}
{"op_code": 8, "worker_id": "1461764c-490c-4128-880f-0757f38e7fe3-281470980720800", "trial_id": 29, "user_attr": {"test_roc_auc": 0.9778628481732834}}
{"op_code": 6, "worker_id": "1461764c-490c-4128-880f-0757f38e7fe3-281470980720800", "trial_id": 29, "state": 1, "values": [0.9778628481732834], "datetime_complete": "2023-11-22T12:48:33.465311"}
{"op_code": 4, "worker_id": "1461764c-490c-4128-880f-0757f38e7fe3-281470980720800", "study_id": 0, "datetime_start": "2023-11-22T12:48:33.521911"}
{"op_code": 5, "worker_id": "1461764c-490c-4128-880f-0757f38e7fe3-281470980720800", "trial_id": 30, "param_name": "max_ngram_1", "param_value_internal": 3.0, "distribution": "{\"name\": \"IntDistribution\", \"attributes\": {\"log\": false, \"step\": 1, \"low\": 1, \"high\": 5}}"}
{"op_code": 5, "worker_id": "1461764c-490c-4128-880f-0757f38e7fe3-281470980720800", "trial_id": 30, "param_name": "max_ngram_2", "param_value_internal": 3.0, "distribution": "{\"name\": \"IntDistribution\", \"attributes\": {\"log\": false, \"step\": 1, \"low\": 1, \"high\": 5}}"}
{"op_code": 5, "worker_id": "1461764c-490c-4128-880f-0757f38e7fe3-281470980720800", "trial_id": 30, "param_name": "C", "param_value_internal": 0.43817175704731953, "distribution": "{\"name\": \"FloatDistribution\", \"attributes\": {\"step\": null, \"low\": 1e-07, \"high\": 10.0, \"log\": true}}"}
{"op_code": 5, "worker_id": "1461764c-490c-4128-880f-0757f38e7fe3-281470980720800", "trial_id": 30, "param_name": "loss", "param_value_internal": 1, "distribution": "{\"name\": \"CategoricalDistribution\", \"attributes\": {\"choices\": [\"hinge\", \"squared_hinge\"]}}"}
{"op_code": 8, "worker_id": "1461764c-490c-4128-880f-0757f38e7fe3-281470980720800", "trial_id": 30, "user_attr": {"test_recall": 0.9072597481795027}}
{"op_code": 8, "worker_id": "1461764c-490c-4128-880f-0757f38e7fe3-281470980720800", "trial_id": 30, "user_attr": {"test_precision": 0.9586287063574208}}
{"op_code": 8, "worker_id": "1461764c-490c-4128-880f-0757f38e7fe3-281470980720800", "trial_id": 30, "user_attr": {"test_f1": 0.932235857042117}}
{"op_code": 8, "worker_id": "1461764c-490c-4128-880f-0757f38e7fe3-281470980720800", "trial_id": 30, "user_attr": {"test_accuracy": 0.9340550312076406}}
{"op_code": 8, "worker_id": "1461764c-490c-4128-880f-0757f38e7fe3-281470980720800", "trial_id": 30, "user_attr": {"test_roc_auc": 0.9774626173165034}}
{"op_code": 6, "worker_id": "1461764c-490c-4128-880f-0757f38e7fe3-281470980720800", "trial_id": 30, "state": 1, "values": [0.9773604374452356], "datetime_complete": "2023-11-22T12:48:36.605276"}
{"op_code": 4, "worker_id": "1461764c-490c-4128-880f-0757f38e7fe3-281470980720800", "study_id": 0, "datetime_start": "2023-11-22T12:48:36.607082"}
{"op_code": 5, "worker_id": "1461764c-490c-4128-880f-0757f38e7fe3-281470980720800", "trial_id": 31, "param_name": "max_ngram_1", "param_value_internal": 3.0, "distribution": "{\"name\": \"IntDistribution\", \"attributes\": {\"log\": false, \"step\": 1, \"low\": 1, \"high\": 5}}"}
{"op_code": 5, "worker_id": "1461764c-490c-4128-880f-0757f38e7fe3-281470980720800", "trial_id": 31, "param_name": "max_ngram_2", "param_value_internal": 3.0, "distribution": "{\"name\": \"IntDistribution\", \"attributes\": {\"log\": false, \"step\": 1, \"low\": 1, \"high\": 5}}"}
{"op_code": 5, "worker_id": "1461764c-490c-4128-880f-0757f38e7fe3-281470980720800", "trial_id": 31, "param_name": "C", "param_value_internal": 0.042028152476199274, "distribution": "{\"name\": \"FloatDistribution\", \"attributes\": {\"step\": null, \"low\": 1e-07, \"high\": 10.0, \"log\": true}}"}
{"op_code": 5, "worker_id": "1461764c-490c-4128-880f-0757f38e7fe3-281470980720800", "trial_id": 31, "param_name": "loss", "param_value_internal": 0, "distribution": "{\"name\": \"CategoricalDistribution\", \"attributes\": {\"choices\": [\"hinge\", \"squared_hinge\"]}}"}
{"op_code": 8, "worker_id": "1461764c-490c-4128-880f-0757f38e7fe3-281470980720800", "trial_id": 31, "user_attr": {"test_recall": 0.8602300582319954}}
{"op_code": 8, "worker_id": "1461764c-490c-4128-880f-0757f38e7fe3-281470980720800", "trial_id": 31, "user_attr": {"test_precision": 0.8760059244048117}}
{"op_code": 8, "worker_id": "1461764c-490c-4128-880f-0757f38e7fe3-281470980720800", "trial_id": 31, "user_attr": {"test_f1": 0.8679866031669838}}
{"op_code": 8, "worker_id": "1461764c-490c-4128-880f-0757f38e7fe3-281470980720800", "trial_id": 31, "user_attr": {"test_accuracy": 0.8692027186598601}}
{"op_code": 8, "worker_id": "1461764c-490c-4128-880f-0757f38e7fe3-281470980720800", "trial_id": 31, "user_attr": {"test_roc_auc": 0.9398664387874348}}
{"op_code": 6, "worker_id": "1461764c-490c-4128-880f-0757f38e7fe3-281470980720800", "trial_id": 31, "state": 1, "values": [0.9398664387874348], "datetime_complete": "2023-11-22T12:48:39.182442"}
{"op_code": 0, "worker_id": "a7a31b2d-7762-4ca4-93ef-83f01a35cda3-281470576838816", "study_name": "optimize-model", "directions": [2]}
{"op_code": 4, "worker_id": "a7a31b2d-7762-4ca4-93ef-83f01a35cda3-281470576838816", "study_id": 0, "datetime_start": "2023-11-22T12:51:19.286227"}
{"op_code": 5, "worker_id": "a7a31b2d-7762-4ca4-93ef-83f01a35cda3-281470576838816", "trial_id": 32, "param_name": "max_ngram_1", "param_value_internal": 4.0, "distribution": "{\"name\": \"IntDistribution\", \"attributes\": {\"log\": false, \"step\": 1, \"low\": 1, \"high\": 5}}"}
{"op_code": 5, "worker_id": "a7a31b2d-7762-4ca4-93ef-83f01a35cda3-281470576838816", "trial_id": 32, "param_name": "max_ngram_2", "param_value_internal": 3.0, "distribution": "{\"name\": \"IntDistribution\", \"attributes\": {\"log\": false, \"step\": 1, \"low\": 1, \"high\": 5}}"}
{"op_code": 5, "worker_id": "a7a31b2d-7762-4ca4-93ef-83f01a35cda3-281470576838816", "trial_id": 32, "param_name": "C", "param_value_internal": 2.6615389015946778, "distribution": "{\"name\": \"FloatDistribution\", \"attributes\": {\"step\": null, \"low\": 1e-07, \"high\": 10.0, \"log\": true}}"}
{"op_code": 5, "worker_id": "a7a31b2d-7762-4ca4-93ef-83f01a35cda3-281470576838816", "trial_id": 32, "param_name": "loss", "param_value_internal": 0, "distribution": "{\"name\": \"CategoricalDistribution\", \"attributes\": {\"choices\": [\"hinge\", \"squared_hinge\"]}}"}
{"op_code": 8, "worker_id": "a7a31b2d-7762-4ca4-93ef-83f01a35cda3-281470576838816", "trial_id": 32, "user_attr": {"test_recall": 0.9066044887661274}}
{"op_code": 8, "worker_id": "a7a31b2d-7762-4ca4-93ef-83f01a35cda3-281470576838816", "trial_id": 32, "user_attr": {"test_precision": 0.9632937253141769}}
{"op_code": 8, "worker_id": "a7a31b2d-7762-4ca4-93ef-83f01a35cda3-281470576838816", "trial_id": 32, "user_attr": {"test_f1": 0.9340856960938663}}
{"op_code": 8, "worker_id": "a7a31b2d-7762-4ca4-93ef-83f01a35cda3-281470576838816", "trial_id": 32, "user_attr": {"test_accuracy": 0.936023678804766}}
{"op_code": 8, "worker_id": "a7a31b2d-7762-4ca4-93ef-83f01a35cda3-281470576838816", "trial_id": 32, "user_attr": {"test_roc_auc": 0.9787542462437958}}
{"op_code": 6, "worker_id": "a7a31b2d-7762-4ca4-93ef-83f01a35cda3-281470576838816", "trial_id": 32, "state": 1, "values": [0.9787542462437958], "datetime_complete": "2023-11-22T12:51:34.144666"}
{"op_code": 4, "worker_id": "a7a31b2d-7762-4ca4-93ef-83f01a35cda3-281470576838816", "study_id": 0, "datetime_start": "2023-11-22T12:51:34.151960"}
{"op_code": 5, "worker_id": "a7a31b2d-7762-4ca4-93ef-83f01a35cda3-281470576838816", "trial_id": 33, "param_name": "max_ngram_1", "param_value_internal": 5.0, "distribution": "{\"name\": \"IntDistribution\", \"attributes\": {\"log\": false, \"step\": 1, \"low\": 1, \"high\": 5}}"}
{"op_code": 5, "worker_id": "a7a31b2d-7762-4ca4-93ef-83f01a35cda3-281470576838816", "trial_id": 33, "param_name": "max_ngram_2", "param_value_internal": 2.0, "distribution": "{\"name\": \"IntDistribution\", \"attributes\": {\"log\": false, \"step\": 1, \"low\": 1, \"high\": 5}}"}
{"op_code": 5, "worker_id": "a7a31b2d-7762-4ca4-93ef-83f01a35cda3-281470576838816", "trial_id": 33, "param_name": "C", "param_value_internal": 3.3126423370555873, "distribution": "{\"name\": \"FloatDistribution\", \"attributes\": {\"step\": null, \"low\": 1e-07, \"high\": 10.0, \"log\": true}}"}
{"op_code": 5, "worker_id": "a7a31b2d-7762-4ca4-93ef-83f01a35cda3-281470576838816", "trial_id": 33, "param_name": "loss", "param_value_internal": 0, "distribution": "{\"name\": \"CategoricalDistribution\", \"attributes\": {\"choices\": [\"hinge\", \"squared_hinge\"]}}"}
{"op_code": 8, "worker_id": "a7a31b2d-7762-4ca4-93ef-83f01a35cda3-281470576838816", "trial_id": 33, "user_attr": {"test_recall": 0.8947928399756071}}
{"op_code": 8, "worker_id": "a7a31b2d-7762-4ca4-93ef-83f01a35cda3-281470576838816", "trial_id": 33, "user_attr": {"test_precision": 0.9585440794730683}}
{"op_code": 8, "worker_id": "a7a31b2d-7762-4ca4-93ef-83f01a35cda3-281470576838816", "trial_id": 33, "user_attr": {"test_f1": 0.9255512931560365}}
{"op_code": 8, "worker_id": "a7a31b2d-7762-4ca4-93ef-83f01a35cda3-281470576838816", "trial_id": 33, "user_attr": {"test_accuracy": 0.9280402774172014}}
{"op_code": 8, "worker_id": "a7a31b2d-7762-4ca4-93ef-83f01a35cda3-281470576838816", "trial_id": 33, "user_attr": {"test_roc_auc": 0.9752817829243483}}
{"op_code": 6, "worker_id": "a7a31b2d-7762-4ca4-93ef-83f01a35cda3-281470576838816", "trial_id": 33, "state": 1, "values": [0.9752083557532495], "datetime_complete": "2023-11-22T12:51:43.999510"}
{"op_code": 4, "worker_id": "a7a31b2d-7762-4ca4-93ef-83f01a35cda3-281470576838816", "study_id": 0, "datetime_start": "2023-11-22T12:51:44.001261"}
{"op_code": 5, "worker_id": "a7a31b2d-7762-4ca4-93ef-83f01a35cda3-281470576838816", "trial_id": 34, "param_name": "max_ngram_1", "param_value_internal": 3.0, "distribution": "{\"name\": \"IntDistribution\", \"attributes\": {\"log\": false, \"step\": 1, \"low\": 1, \"high\": 5}}"}
{"op_code": 5, "worker_id": "a7a31b2d-7762-4ca4-93ef-83f01a35cda3-281470576838816", "trial_id": 34, "param_name": "max_ngram_2", "param_value_internal": 3.0, "distribution": "{\"name\": \"IntDistribution\", \"attributes\": {\"log\": false, \"step\": 1, \"low\": 1, \"high\": 5}}"}
{"op_code": 5, "worker_id": "a7a31b2d-7762-4ca4-93ef-83f01a35cda3-281470576838816", "trial_id": 34, "param_name": "C", "param_value_internal": 3.028754721161933, "distribution": "{\"name\": \"FloatDistribution\", \"attributes\": {\"step\": null, \"low\": 1e-07, \"high\": 10.0, \"log\": true}}"}
{"op_code": 5, "worker_id": "a7a31b2d-7762-4ca4-93ef-83f01a35cda3-281470576838816", "trial_id": 34, "param_name": "loss", "param_value_internal": 0, "distribution": "{\"name\": \"CategoricalDistribution\", \"attributes\": {\"choices\": [\"hinge\", \"squared_hinge\"]}}"}
{"op_code": 8, "worker_id": "a7a31b2d-7762-4ca4-93ef-83f01a35cda3-281470576838816", "trial_id": 34, "user_attr": {"test_recall": 0.9142583491767408}}
{"op_code": 8, "worker_id": "a7a31b2d-7762-4ca4-93ef-83f01a35cda3-281470576838816", "trial_id": 34, "user_attr": {"test_precision": 0.9622515331819101}}
{"op_code": 8, "worker_id": "a7a31b2d-7762-4ca4-93ef-83f01a35cda3-281470576838816", "trial_id": 34, "user_attr": {"test_f1": 0.9376354737544235}}
{"op_code": 8, "worker_id": "a7a31b2d-7762-4ca4-93ef-83f01a35cda3-281470576838816", "trial_id": 34, "user_attr": {"test_accuracy": 0.9391951096664126}}
{"op_code": 8, "worker_id": "a7a31b2d-7762-4ca4-93ef-83f01a35cda3-281470576838816", "trial_id": 34, "user_attr": {"test_roc_auc": 0.979302805172048}}
{"op_code": 6, "worker_id": "a7a31b2d-7762-4ca4-93ef-83f01a35cda3-281470576838816", "trial_id": 34, "state": 1, "values": [0.979302805172048], "datetime_complete": "2023-11-22T12:51:57.697194"}
{"op_code": 0, "worker_id": "fa8f2eb0-5be3-4270-9b26-0354f79b1d70-281471607900320", "study_name": "optimize-model", "directions": [2]}
{"op_code": 4, "worker_id": "fa8f2eb0-5be3-4270-9b26-0354f79b1d70-281471607900320", "study_id": 0, "datetime_start": "2023-11-22T12:52:24.352251"}
{"op_code": 5, "worker_id": "fa8f2eb0-5be3-4270-9b26-0354f79b1d70-281471607900320", "trial_id": 35, "param_name": "max_ngram_1", "param_value_internal": 3.0, "distribution": "{\"name\": \"IntDistribution\", \"attributes\": {\"log\": false, \"step\": 1, \"low\": 1, \"high\": 5}}"}
{"op_code": 5, "worker_id": "fa8f2eb0-5be3-4270-9b26-0354f79b1d70-281471607900320", "trial_id": 35, "param_name": "max_ngram_2", "param_value_internal": 3.0, "distribution": "{\"name\": \"IntDistribution\", \"attributes\": {\"log\": false, \"step\": 1, \"low\": 1, \"high\": 5}}"}
{"op_code": 5, "worker_id": "fa8f2eb0-5be3-4270-9b26-0354f79b1d70-281471607900320", "trial_id": 35, "param_name": "C", "param_value_internal": 0.5899003838509167, "distribution": "{\"name\": \"FloatDistribution\", \"attributes\": {\"step\": null, \"low\": 1e-07, \"high\": 10.0, \"log\": true}}"}
{"op_code": 5, "worker_id": "fa8f2eb0-5be3-4270-9b26-0354f79b1d70-281471607900320", "trial_id": 35, "param_name": "loss", "param_value_internal": 1, "distribution": "{\"name\": \"CategoricalDistribution\", \"attributes\": {\"choices\": [\"hinge\", \"squared_hinge\"]}}"}
{"op_code": 8, "worker_id": "fa8f2eb0-5be3-4270-9b26-0354f79b1d70-281471607900320", "trial_id": 35, "user_attr": {"test_recall": 0.9087902811158541}}
{"op_code": 8, "worker_id": "fa8f2eb0-5be3-4270-9b26-0354f79b1d70-281471607900320", "trial_id": 35, "user_attr": {"test_precision": 0.9593680740616713}}
{"op_code": 8, "worker_id": "fa8f2eb0-5be3-4270-9b26-0354f79b1d70-281471607900320", "trial_id": 35, "user_attr": {"test_f1": 0.933388099325937}}
{"op_code": 8, "worker_id": "fa8f2eb0-5be3-4270-9b26-0354f79b1d70-281471607900320", "trial_id": 35, "user_attr": {"test_accuracy": 0.9351484651009209}}
{"op_code": 8, "worker_id": "fa8f2eb0-5be3-4270-9b26-0354f79b1d70-281471607900320", "trial_id": 35, "user_attr": {"test_roc_auc": 0.9780230597487396}}
{"op_code": 6, "worker_id": "fa8f2eb0-5be3-4270-9b26-0354f79b1d70-281471607900320", "trial_id": 35, "state": 1, "values": [0.977927234509143], "datetime_complete": "2023-11-22T12:52:31.124373"}
{"op_code": 4, "worker_id": "fa8f2eb0-5be3-4270-9b26-0354f79b1d70-281471607900320", "study_id": 0, "datetime_start": "2023-11-22T12:52:31.126542"}
{"op_code": 5, "worker_id": "fa8f2eb0-5be3-4270-9b26-0354f79b1d70-281471607900320", "trial_id": 36, "param_name": "max_ngram_1", "param_value_internal": 2.0, "distribution": "{\"name\": \"IntDistribution\", \"attributes\": {\"log\": false, \"step\": 1, \"low\": 1, \"high\": 5}}"}
{"op_code": 5, "worker_id": "fa8f2eb0-5be3-4270-9b26-0354f79b1d70-281471607900320", "trial_id": 36, "param_name": "max_ngram_2", "param_value_internal": 3.0, "distribution": "{\"name\": \"IntDistribution\", \"attributes\": {\"log\": false, \"step\": 1, \"low\": 1, \"high\": 5}}"}
{"op_code": 5, "worker_id": "fa8f2eb0-5be3-4270-9b26-0354f79b1d70-281471607900320", "trial_id": 36, "param_name": "C", "param_value_internal": 7.313942419128245, "distribution": "{\"name\": \"FloatDistribution\", \"attributes\": {\"step\": null, \"low\": 1e-07, \"high\": 10.0, \"log\": true}}"}
{"op_code": 5, "worker_id": "fa8f2eb0-5be3-4270-9b26-0354f79b1d70-281471607900320", "trial_id": 36, "param_name": "loss", "param_value_internal": 1, "distribution": "{\"name\": \"CategoricalDistribution\", \"attributes\": {\"choices\": [\"hinge\", \"squared_hinge\"]}}"}
{"op_code": 8, "worker_id": "fa8f2eb0-5be3-4270-9b26-0354f79b1d70-281471607900320", "trial_id": 36, "user_attr": {"test_recall": 0.9164458155468665}}
{"op_code": 8, "worker_id": "fa8f2eb0-5be3-4270-9b26-0354f79b1d70-281471607900320", "trial_id": 36, "user_attr": {"test_precision": 0.96145543188644}}
{"op_code": 8, "worker_id": "fa8f2eb0-5be3-4270-9b26-0354f79b1d70-281471607900320", "trial_id": 36, "user_attr": {"test_f1": 0.9384050783571605}}
{"op_code": 8, "worker_id": "fa8f2eb0-5be3-4270-9b26-0354f79b1d70-281471607900320", "trial_id": 36, "user_attr": {"test_accuracy": 0.9398511460747285}}
{"op_code": 8, "worker_id": "fa8f2eb0-5be3-4270-9b26-0354f79b1d70-281471607900320", "trial_id": 36, "user_attr": {"test_roc_auc": 0.9796852429554891}}
{"op_code": 6, "worker_id": "fa8f2eb0-5be3-4270-9b26-0354f79b1d70-281471607900320", "trial_id": 36, "state": 1, "values": [0.9795707664389105], "datetime_complete": "2023-11-22T12:52:41.567121"}
{"op_code": 4, "worker_id": "fa8f2eb0-5be3-4270-9b26-0354f79b1d70-281471607900320", "study_id": 0, "datetime_start": "2023-11-22T12:52:41.568796"}
{"op_code": 5, "worker_id": "fa8f2eb0-5be3-4270-9b26-0354f79b1d70-281471607900320", "trial_id": 37, "param_name": "max_ngram_1", "param_value_internal": 2.0, "distribution": "{\"name\": \"IntDistribution\", \"attributes\": {\"log\": false, \"step\": 1, \"low\": 1, \"high\": 5}}"}
{"op_code": 5, "worker_id": "fa8f2eb0-5be3-4270-9b26-0354f79b1d70-281471607900320", "trial_id": 37, "param_name": "max_ngram_2", "param_value_internal": 2.0, "distribution": "{\"name\": \"IntDistribution\", \"attributes\": {\"log\": false, \"step\": 1, \"low\": 1, \"high\": 5}}"}
{"op_code": 5, "worker_id": "fa8f2eb0-5be3-4270-9b26-0354f79b1d70-281471607900320", "trial_id": 37, "param_name": "C", "param_value_internal": 8.215973551635575, "distribution": "{\"name\": \"FloatDistribution\", \"attributes\": {\"step\": null, \"low\": 1e-07, \"high\": 10.0, \"log\": true}}"}
{"op_code": 5, "worker_id": "fa8f2eb0-5be3-4270-9b26-0354f79b1d70-281471607900320", "trial_id": 37, "param_name": "loss", "param_value_internal": 1, "distribution": "{\"name\": \"CategoricalDistribution\", \"attributes\": {\"choices\": [\"hinge\", \"squared_hinge\"]}}"}
{"op_code": 8, "worker_id": "fa8f2eb0-5be3-4270-9b26-0354f79b1d70-281471607900320", "trial_id": 37, "user_attr": {"test_recall": 0.9142585883225121}}
{"op_code": 8, "worker_id": "fa8f2eb0-5be3-4270-9b26-0354f79b1d70-281471607900320", "trial_id": 37, "user_attr": {"test_precision": 0.9539042834611713}}
{"op_code": 8, "worker_id": "fa8f2eb0-5be3-4270-9b26-0354f79b1d70-281471607900320", "trial_id": 37, "user_attr": {"test_f1": 0.9336564589701043}}
{"op_code": 8, "worker_id": "fa8f2eb0-5be3-4270-9b26-0354f79b1d70-281471607900320", "trial_id": 37, "user_attr": {"test_accuracy": 0.9350389362722871}}
{"op_code": 8, "worker_id": "fa8f2eb0-5be3-4270-9b26-0354f79b1d70-281471607900320", "trial_id": 37, "user_attr": {"test_roc_auc": 0.9779020750134351}}
{"op_code": 6, "worker_id": "fa8f2eb0-5be3-4270-9b26-0354f79b1d70-281471607900320", "trial_id": 37, "state": 1, "values": [0.9779020750134351], "datetime_complete": "2023-11-22T12:52:48.726973"}
